{"C:\\Users\\Adam\\Desktop\\web design\\kudos-app-frontend\\kudos-app-frontend\\actionTypes\\index.js": {"path":"C:\\Users\\Adam\\Desktop\\web design\\kudos-app-frontend\\kudos-app-frontend\\actionTypes\\index.js","statementMap":{"0":{"start":{"line":1,"column":35},"end":{"line":1,"column":56}},"1":{"start":{"line":2,"column":35},"end":{"line":2,"column":56}},"2":{"start":{"line":3,"column":34},"end":{"line":3,"column":54}},"3":{"start":{"line":5,"column":46},"end":{"line":5,"column":78}},"4":{"start":{"line":6,"column":46},"end":{"line":6,"column":78}},"5":{"start":{"line":7,"column":45},"end":{"line":7,"column":76}},"6":{"start":{"line":9,"column":34},"end":{"line":9,"column":54}},"7":{"start":{"line":10,"column":34},"end":{"line":10,"column":54}},"8":{"start":{"line":11,"column":33},"end":{"line":11,"column":52}},"9":{"start":{"line":13,"column":43},"end":{"line":13,"column":72}},"10":{"start":{"line":14,"column":43},"end":{"line":14,"column":72}},"11":{"start":{"line":15,"column":42},"end":{"line":15,"column":70}},"12":{"start":{"line":17,"column":34},"end":{"line":17,"column":54}},"13":{"start":{"line":18,"column":34},"end":{"line":18,"column":54}},"14":{"start":{"line":19,"column":33},"end":{"line":19,"column":52}},"15":{"start":{"line":21,"column":31},"end":{"line":21,"column":48}},"16":{"start":{"line":22,"column":31},"end":{"line":22,"column":48}},"17":{"start":{"line":23,"column":30},"end":{"line":23,"column":46}},"18":{"start":{"line":25,"column":32},"end":{"line":25,"column":50}},"19":{"start":{"line":27,"column":31},"end":{"line":27,"column":48}},"20":{"start":{"line":28,"column":31},"end":{"line":28,"column":48}},"21":{"start":{"line":29,"column":30},"end":{"line":29,"column":46}},"22":{"start":{"line":31,"column":42},"end":{"line":31,"column":70}},"23":{"start":{"line":32,"column":42},"end":{"line":32,"column":70}},"24":{"start":{"line":33,"column":41},"end":{"line":33,"column":68}},"25":{"start":{"line":35,"column":35},"end":{"line":35,"column":56}},"26":{"start":{"line":36,"column":35},"end":{"line":36,"column":56}},"27":{"start":{"line":37,"column":34},"end":{"line":37,"column":54}},"28":{"start":{"line":39,"column":37},"end":{"line":39,"column":60}},"29":{"start":{"line":40,"column":37},"end":{"line":40,"column":60}},"30":{"start":{"line":41,"column":36},"end":{"line":41,"column":58}},"31":{"start":{"line":43,"column":34},"end":{"line":43,"column":54}},"32":{"start":{"line":44,"column":34},"end":{"line":44,"column":54}},"33":{"start":{"line":45,"column":33},"end":{"line":45,"column":52}},"34":{"start":{"line":47,"column":36},"end":{"line":47,"column":58}},"35":{"start":{"line":48,"column":36},"end":{"line":48,"column":58}},"36":{"start":{"line":49,"column":35},"end":{"line":49,"column":56}},"37":{"start":{"line":51,"column":43},"end":{"line":51,"column":72}},"38":{"start":{"line":52,"column":43},"end":{"line":52,"column":72}},"39":{"start":{"line":53,"column":42},"end":{"line":53,"column":70}},"40":{"start":{"line":55,"column":42},"end":{"line":55,"column":70}},"41":{"start":{"line":56,"column":42},"end":{"line":56,"column":70}},"42":{"start":{"line":57,"column":41},"end":{"line":57,"column":68}},"43":{"start":{"line":59,"column":44},"end":{"line":59,"column":74}},"44":{"start":{"line":60,"column":44},"end":{"line":60,"column":74}},"45":{"start":{"line":61,"column":43},"end":{"line":61,"column":72}},"46":{"start":{"line":63,"column":35},"end":{"line":63,"column":56}},"47":{"start":{"line":64,"column":35},"end":{"line":64,"column":56}},"48":{"start":{"line":65,"column":34},"end":{"line":65,"column":54}},"49":{"start":{"line":67,"column":33},"end":{"line":67,"column":52}},"50":{"start":{"line":68,"column":33},"end":{"line":68,"column":52}},"51":{"start":{"line":69,"column":32},"end":{"line":69,"column":50}},"52":{"start":{"line":71,"column":48},"end":{"line":71,"column":82}},"53":{"start":{"line":72,"column":48},"end":{"line":72,"column":82}},"54":{"start":{"line":73,"column":47},"end":{"line":73,"column":80}},"55":{"start":{"line":75,"column":40},"end":{"line":75,"column":66}},"56":{"start":{"line":76,"column":40},"end":{"line":76,"column":66}},"57":{"start":{"line":77,"column":39},"end":{"line":77,"column":64}},"58":{"start":{"line":79,"column":37},"end":{"line":79,"column":60}},"59":{"start":{"line":80,"column":37},"end":{"line":80,"column":60}},"60":{"start":{"line":81,"column":36},"end":{"line":81,"column":58}},"61":{"start":{"line":83,"column":40},"end":{"line":83,"column":66}},"62":{"start":{"line":84,"column":40},"end":{"line":84,"column":66}},"63":{"start":{"line":85,"column":39},"end":{"line":85,"column":64}},"64":{"start":{"line":87,"column":38},"end":{"line":87,"column":62}},"65":{"start":{"line":88,"column":38},"end":{"line":88,"column":62}},"66":{"start":{"line":89,"column":37},"end":{"line":89,"column":60}},"67":{"start":{"line":91,"column":36},"end":{"line":91,"column":58}},"68":{"start":{"line":92,"column":36},"end":{"line":92,"column":58}},"69":{"start":{"line":93,"column":35},"end":{"line":93,"column":56}},"70":{"start":{"line":95,"column":40},"end":{"line":95,"column":66}},"71":{"start":{"line":102,"column":30},"end":{"line":102,"column":46}},"72":{"start":{"line":104,"column":46},"end":{"line":104,"column":78}},"73":{"start":{"line":105,"column":49},"end":{"line":105,"column":84}},"74":{"start":{"line":111,"column":33},"end":{"line":111,"column":52}},"75":{"start":{"line":113,"column":50},"end":{"line":113,"column":86}},"76":{"start":{"line":114,"column":53},"end":{"line":114,"column":92}}},"fnMap":{},"branchMap":{},"s":{"0":1,"1":1,"2":1,"3":1,"4":1,"5":1,"6":1,"7":1,"8":1,"9":1,"10":1,"11":1,"12":1,"13":1,"14":1,"15":1,"16":1,"17":1,"18":1,"19":1,"20":1,"21":1,"22":1,"23":1,"24":1,"25":1,"26":1,"27":1,"28":1,"29":1,"30":1,"31":1,"32":1,"33":1,"34":1,"35":1,"36":1,"37":1,"38":1,"39":1,"40":1,"41":1,"42":1,"43":1,"44":1,"45":1,"46":1,"47":1,"48":1,"49":1,"50":1,"51":1,"52":1,"53":1,"54":1,"55":1,"56":1,"57":1,"58":1,"59":1,"60":1,"61":1,"62":1,"63":1,"64":1,"65":1,"66":1,"67":1,"68":1,"69":1,"70":1,"71":1,"72":1,"73":1,"74":1,"75":1,"76":1},"f":{},"b":{},"_coverageSchema":"332fd63041d2c1bcb487cc26dd0d5f7d97098a6c","hash":"35b4b2b7ce5e5bd1aa909540d6e3faadf53df240"}
,"C:\\Users\\Adam\\Desktop\\web design\\kudos-app-frontend\\kudos-app-frontend\\actions\\authActions.js": {"path":"C:\\Users\\Adam\\Desktop\\web design\\kudos-app-frontend\\kudos-app-frontend\\actions\\authActions.js","statementMap":{"0":{"start":{"line":8,"column":22},"end":{"line":10,"column":2}},"1":{"start":{"line":8,"column":29},"end":{"line":10,"column":1}},"2":{"start":{"line":12,"column":22},"end":{"line":15,"column":2}},"3":{"start":{"line":12,"column":32},"end":{"line":15,"column":1}},"4":{"start":{"line":17,"column":21},"end":{"line":20,"column":2}},"5":{"start":{"line":17,"column":40},"end":{"line":20,"column":1}},"6":{"start":{"line":23,"column":26},"end":{"line":45,"column":1}},"7":{"start":{"line":24,"column":21},"end":{"line":33,"column":5}},"8":{"start":{"line":34,"column":4},"end":{"line":44,"column":5}},"9":{"start":{"line":35,"column":22},"end":{"line":35,"column":80}},"10":{"start":{"line":36,"column":8},"end":{"line":39,"column":9}},"11":{"start":{"line":37,"column":12},"end":{"line":37,"column":49}},"12":{"start":{"line":38,"column":12},"end":{"line":38,"column":36}},"13":{"start":{"line":40,"column":26},"end":{"line":40,"column":44}},"14":{"start":{"line":41,"column":8},"end":{"line":41,"column":25}},"15":{"start":{"line":43,"column":8},"end":{"line":43,"column":35}},"16":{"start":{"line":47,"column":22},"end":{"line":58,"column":1}},"17":{"start":{"line":47,"column":46},"end":{"line":58,"column":1}},"18":{"start":{"line":48,"column":4},"end":{"line":48,"column":30}},"19":{"start":{"line":49,"column":4},"end":{"line":57,"column":5}},"20":{"start":{"line":50,"column":22},"end":{"line":50,"column":75}},"21":{"start":{"line":51,"column":8},"end":{"line":51,"column":105}},"22":{"start":{"line":52,"column":8},"end":{"line":52,"column":45}},"23":{"start":{"line":53,"column":8},"end":{"line":53,"column":54}},"24":{"start":{"line":54,"column":8},"end":{"line":54,"column":25}},"25":{"start":{"line":56,"column":8},"end":{"line":56,"column":19}},"26":{"start":{"line":60,"column":23},"end":{"line":62,"column":2}},"27":{"start":{"line":60,"column":30},"end":{"line":62,"column":1}},"28":{"start":{"line":64,"column":23},"end":{"line":67,"column":1}},"29":{"start":{"line":64,"column":29},"end":{"line":67,"column":1}},"30":{"start":{"line":65,"column":4},"end":{"line":65,"column":87}},"31":{"start":{"line":66,"column":4},"end":{"line":66,"column":31}},"32":{"start":{"line":69,"column":22},"end":{"line":71,"column":2}},"33":{"start":{"line":69,"column":29},"end":{"line":71,"column":1}},"34":{"start":{"line":73,"column":22},"end":{"line":76,"column":2}},"35":{"start":{"line":73,"column":34},"end":{"line":76,"column":1}},"36":{"start":{"line":78,"column":21},"end":{"line":81,"column":2}},"37":{"start":{"line":78,"column":33},"end":{"line":81,"column":1}},"38":{"start":{"line":83,"column":26},"end":{"line":106,"column":1}},"39":{"start":{"line":84,"column":21},"end":{"line":94,"column":5}},"40":{"start":{"line":95,"column":4},"end":{"line":105,"column":5}},"41":{"start":{"line":96,"column":22},"end":{"line":96,"column":78}},"42":{"start":{"line":97,"column":8},"end":{"line":100,"column":9}},"43":{"start":{"line":98,"column":26},"end":{"line":98,"column":44}},"44":{"start":{"line":99,"column":12},"end":{"line":99,"column":41}},"45":{"start":{"line":101,"column":26},"end":{"line":101,"column":44}},"46":{"start":{"line":102,"column":8},"end":{"line":102,"column":25}},"47":{"start":{"line":104,"column":8},"end":{"line":104,"column":35}},"48":{"start":{"line":108,"column":22},"end":{"line":120,"column":1}},"49":{"start":{"line":108,"column":53},"end":{"line":120,"column":1}},"50":{"start":{"line":109,"column":4},"end":{"line":109,"column":30}},"51":{"start":{"line":110,"column":4},"end":{"line":119,"column":5}},"52":{"start":{"line":111,"column":22},"end":{"line":111,"column":82}},"53":{"start":{"line":112,"column":8},"end":{"line":112,"column":105}},"54":{"start":{"line":113,"column":8},"end":{"line":113,"column":45}},"55":{"start":{"line":114,"column":8},"end":{"line":114,"column":54}},"56":{"start":{"line":115,"column":8},"end":{"line":115,"column":25}},"57":{"start":{"line":117,"column":8},"end":{"line":117,"column":25}},"58":{"start":{"line":118,"column":8},"end":{"line":118,"column":36}},"59":{"start":{"line":123,"column":37},"end":{"line":125,"column":2}},"60":{"start":{"line":123,"column":44},"end":{"line":125,"column":1}},"61":{"start":{"line":127,"column":37},"end":{"line":129,"column":2}},"62":{"start":{"line":127,"column":44},"end":{"line":129,"column":1}},"63":{"start":{"line":131,"column":36},"end":{"line":137,"column":2}},"64":{"start":{"line":131,"column":71},"end":{"line":137,"column":1}},"65":{"start":{"line":141,"column":37},"end":{"line":168,"column":1}},"66":{"start":{"line":141,"column":46},"end":{"line":168,"column":1}},"67":{"start":{"line":142,"column":4},"end":{"line":142,"column":45}},"68":{"start":{"line":143,"column":21},"end":{"line":151,"column":5}},"69":{"start":{"line":152,"column":4},"end":{"line":167,"column":5}},"70":{"start":{"line":153,"column":25},"end":{"line":153,"column":83}},"71":{"start":{"line":154,"column":8},"end":{"line":162,"column":9}},"72":{"start":{"line":155,"column":35},"end":{"line":155,"column":50}},"73":{"start":{"line":156,"column":33},"end":{"line":156,"column":54}},"74":{"start":{"line":157,"column":12},"end":{"line":157,"column":80}},"75":{"start":{"line":158,"column":12},"end":{"line":160,"column":13}},"76":{"start":{"line":159,"column":16},"end":{"line":159,"column":55}},"77":{"start":{"line":161,"column":12},"end":{"line":161,"column":19}},"78":{"start":{"line":163,"column":8},"end":{"line":163,"column":49}},"79":{"start":{"line":164,"column":8},"end":{"line":164,"column":51}},"80":{"start":{"line":166,"column":8},"end":{"line":166,"column":25}},"81":{"start":{"line":171,"column":30},"end":{"line":173,"column":2}},"82":{"start":{"line":171,"column":37},"end":{"line":173,"column":1}},"83":{"start":{"line":175,"column":30},"end":{"line":177,"column":2}},"84":{"start":{"line":175,"column":37},"end":{"line":177,"column":1}},"85":{"start":{"line":179,"column":29},"end":{"line":185,"column":2}},"86":{"start":{"line":179,"column":64},"end":{"line":185,"column":1}},"87":{"start":{"line":187,"column":30},"end":{"line":209,"column":1}},"88":{"start":{"line":187,"column":64},"end":{"line":209,"column":1}},"89":{"start":{"line":188,"column":4},"end":{"line":188,"column":38}},"90":{"start":{"line":189,"column":21},"end":{"line":197,"column":5}},"91":{"start":{"line":198,"column":4},"end":{"line":208,"column":5}},"92":{"start":{"line":199,"column":31},"end":{"line":199,"column":110}},"93":{"start":{"line":200,"column":8},"end":{"line":204,"column":9}},"94":{"start":{"line":201,"column":35},"end":{"line":201,"column":56}},"95":{"start":{"line":202,"column":33},"end":{"line":202,"column":60}},"96":{"start":{"line":203,"column":12},"end":{"line":203,"column":80}},"97":{"start":{"line":205,"column":8},"end":{"line":205,"column":42}},"98":{"start":{"line":207,"column":8},"end":{"line":207,"column":25}}},"fnMap":{"0":{"name":"(anonymous_0)","decl":{"start":{"line":8,"column":22},"end":{"line":8,"column":23}},"loc":{"start":{"line":8,"column":29},"end":{"line":10,"column":1}},"line":8},"1":{"name":"(anonymous_1)","decl":{"start":{"line":12,"column":22},"end":{"line":12,"column":23}},"loc":{"start":{"line":12,"column":32},"end":{"line":15,"column":1}},"line":12},"2":{"name":"(anonymous_2)","decl":{"start":{"line":17,"column":21},"end":{"line":17,"column":22}},"loc":{"start":{"line":17,"column":40},"end":{"line":20,"column":1}},"line":17},"3":{"name":"(anonymous_3)","decl":{"start":{"line":23,"column":26},"end":{"line":23,"column":27}},"loc":{"start":{"line":23,"column":66},"end":{"line":45,"column":1}},"line":23},"4":{"name":"(anonymous_4)","decl":{"start":{"line":47,"column":22},"end":{"line":47,"column":23}},"loc":{"start":{"line":47,"column":46},"end":{"line":58,"column":1}},"line":47},"5":{"name":"(anonymous_5)","decl":{"start":{"line":47,"column":46},"end":{"line":47,"column":47}},"loc":{"start":{"line":47,"column":64},"end":{"line":58,"column":1}},"line":47},"6":{"name":"(anonymous_6)","decl":{"start":{"line":60,"column":23},"end":{"line":60,"column":24}},"loc":{"start":{"line":60,"column":30},"end":{"line":62,"column":1}},"line":60},"7":{"name":"(anonymous_7)","decl":{"start":{"line":64,"column":23},"end":{"line":64,"column":24}},"loc":{"start":{"line":64,"column":29},"end":{"line":67,"column":1}},"line":64},"8":{"name":"(anonymous_8)","decl":{"start":{"line":64,"column":29},"end":{"line":64,"column":30}},"loc":{"start":{"line":64,"column":47},"end":{"line":67,"column":1}},"line":64},"9":{"name":"(anonymous_9)","decl":{"start":{"line":69,"column":22},"end":{"line":69,"column":23}},"loc":{"start":{"line":69,"column":29},"end":{"line":71,"column":1}},"line":69},"10":{"name":"(anonymous_10)","decl":{"start":{"line":73,"column":22},"end":{"line":73,"column":23}},"loc":{"start":{"line":73,"column":34},"end":{"line":76,"column":1}},"line":73},"11":{"name":"(anonymous_11)","decl":{"start":{"line":78,"column":21},"end":{"line":78,"column":22}},"loc":{"start":{"line":78,"column":33},"end":{"line":81,"column":1}},"line":78},"12":{"name":"(anonymous_12)","decl":{"start":{"line":83,"column":26},"end":{"line":83,"column":27}},"loc":{"start":{"line":83,"column":73},"end":{"line":106,"column":1}},"line":83},"13":{"name":"(anonymous_13)","decl":{"start":{"line":108,"column":22},"end":{"line":108,"column":23}},"loc":{"start":{"line":108,"column":53},"end":{"line":120,"column":1}},"line":108},"14":{"name":"(anonymous_14)","decl":{"start":{"line":108,"column":53},"end":{"line":108,"column":54}},"loc":{"start":{"line":108,"column":71},"end":{"line":120,"column":1}},"line":108},"15":{"name":"(anonymous_15)","decl":{"start":{"line":123,"column":37},"end":{"line":123,"column":38}},"loc":{"start":{"line":123,"column":44},"end":{"line":125,"column":1}},"line":123},"16":{"name":"(anonymous_16)","decl":{"start":{"line":127,"column":37},"end":{"line":127,"column":38}},"loc":{"start":{"line":127,"column":44},"end":{"line":129,"column":1}},"line":127},"17":{"name":"(anonymous_17)","decl":{"start":{"line":131,"column":36},"end":{"line":131,"column":37}},"loc":{"start":{"line":131,"column":71},"end":{"line":137,"column":1}},"line":131},"18":{"name":"(anonymous_18)","decl":{"start":{"line":141,"column":37},"end":{"line":141,"column":38}},"loc":{"start":{"line":141,"column":46},"end":{"line":168,"column":1}},"line":141},"19":{"name":"(anonymous_19)","decl":{"start":{"line":141,"column":46},"end":{"line":141,"column":47}},"loc":{"start":{"line":141,"column":64},"end":{"line":168,"column":1}},"line":141},"20":{"name":"(anonymous_20)","decl":{"start":{"line":171,"column":30},"end":{"line":171,"column":31}},"loc":{"start":{"line":171,"column":37},"end":{"line":173,"column":1}},"line":171},"21":{"name":"(anonymous_21)","decl":{"start":{"line":175,"column":30},"end":{"line":175,"column":31}},"loc":{"start":{"line":175,"column":37},"end":{"line":177,"column":1}},"line":175},"22":{"name":"(anonymous_22)","decl":{"start":{"line":179,"column":29},"end":{"line":179,"column":30}},"loc":{"start":{"line":179,"column":64},"end":{"line":185,"column":1}},"line":179},"23":{"name":"(anonymous_23)","decl":{"start":{"line":187,"column":30},"end":{"line":187,"column":31}},"loc":{"start":{"line":187,"column":64},"end":{"line":209,"column":1}},"line":187},"24":{"name":"(anonymous_24)","decl":{"start":{"line":187,"column":64},"end":{"line":187,"column":65}},"loc":{"start":{"line":187,"column":82},"end":{"line":209,"column":1}},"line":187}},"branchMap":{"0":{"loc":{"start":{"line":36,"column":8},"end":{"line":39,"column":9}},"type":"if","locations":[{"start":{"line":36,"column":8},"end":{"line":39,"column":9}},{"start":{"line":36,"column":8},"end":{"line":39,"column":9}}],"line":36},"1":{"loc":{"start":{"line":97,"column":8},"end":{"line":100,"column":9}},"type":"if","locations":[{"start":{"line":97,"column":8},"end":{"line":100,"column":9}},{"start":{"line":97,"column":8},"end":{"line":100,"column":9}}],"line":97},"2":{"loc":{"start":{"line":154,"column":8},"end":{"line":162,"column":9}},"type":"if","locations":[{"start":{"line":154,"column":8},"end":{"line":162,"column":9}},{"start":{"line":154,"column":8},"end":{"line":162,"column":9}}],"line":154},"3":{"loc":{"start":{"line":158,"column":12},"end":{"line":160,"column":13}},"type":"if","locations":[{"start":{"line":158,"column":12},"end":{"line":160,"column":13}},{"start":{"line":158,"column":12},"end":{"line":160,"column":13}}],"line":158},"4":{"loc":{"start":{"line":200,"column":8},"end":{"line":204,"column":9}},"type":"if","locations":[{"start":{"line":200,"column":8},"end":{"line":204,"column":9}},{"start":{"line":200,"column":8},"end":{"line":204,"column":9}}],"line":200}},"s":{"0":1,"1":0,"2":1,"3":0,"4":1,"5":0,"6":1,"7":0,"8":0,"9":0,"10":0,"11":0,"12":0,"13":0,"14":0,"15":0,"16":1,"17":0,"18":0,"19":0,"20":0,"21":0,"22":0,"23":0,"24":0,"25":0,"26":1,"27":0,"28":1,"29":0,"30":0,"31":0,"32":1,"33":0,"34":1,"35":0,"36":1,"37":0,"38":1,"39":0,"40":0,"41":0,"42":0,"43":0,"44":0,"45":0,"46":0,"47":0,"48":1,"49":0,"50":0,"51":0,"52":0,"53":0,"54":0,"55":0,"56":0,"57":0,"58":0,"59":1,"60":0,"61":1,"62":0,"63":1,"64":0,"65":1,"66":0,"67":0,"68":0,"69":0,"70":0,"71":0,"72":0,"73":0,"74":0,"75":0,"76":0,"77":0,"78":0,"79":0,"80":0,"81":1,"82":0,"83":1,"84":0,"85":1,"86":0,"87":1,"88":0,"89":0,"90":0,"91":0,"92":0,"93":0,"94":0,"95":0,"96":0,"97":0,"98":0},"f":{"0":0,"1":0,"2":0,"3":0,"4":0,"5":0,"6":0,"7":0,"8":0,"9":0,"10":0,"11":0,"12":0,"13":0,"14":0,"15":0,"16":0,"17":0,"18":0,"19":0,"20":0,"21":0,"22":0,"23":0,"24":0},"b":{"0":[0,0],"1":[0,0],"2":[0,0],"3":[0,0],"4":[0,0]},"_coverageSchema":"332fd63041d2c1bcb487cc26dd0d5f7d97098a6c","hash":"ef4d98e00b7da474e7acefca900fc2d6ab66b8a5"}
,"C:\\Users\\Adam\\Desktop\\web design\\kudos-app-frontend\\kudos-app-frontend\\actions\\commentActions.js": {"path":"C:\\Users\\Adam\\Desktop\\web design\\kudos-app-frontend\\kudos-app-frontend\\actions\\commentActions.js","statementMap":{"0":{"start":{"line":5,"column":27},"end":{"line":7,"column":2}},"1":{"start":{"line":5,"column":34},"end":{"line":7,"column":1}},"2":{"start":{"line":9,"column":27},"end":{"line":16,"column":2}},"3":{"start":{"line":9,"column":95},"end":{"line":16,"column":1}},"4":{"start":{"line":18,"column":26},"end":{"line":20,"column":2}},"5":{"start":{"line":18,"column":33},"end":{"line":20,"column":1}},"6":{"start":{"line":22,"column":27},"end":{"line":62,"column":1}},"7":{"start":{"line":22,"column":60},"end":{"line":62,"column":1}},"8":{"start":{"line":23,"column":4},"end":{"line":23,"column":35}},"9":{"start":{"line":24,"column":34},"end":{"line":24,"column":61}},"10":{"start":{"line":25,"column":21},"end":{"line":34,"column":5}},"11":{"start":{"line":35,"column":4},"end":{"line":61,"column":5}},"12":{"start":{"line":36,"column":27},"end":{"line":36,"column":103}},"13":{"start":{"line":37,"column":8},"end":{"line":39,"column":9}},"14":{"start":{"line":38,"column":12},"end":{"line":38,"column":49}},"15":{"start":{"line":40,"column":30},"end":{"line":40,"column":53}},"16":{"start":{"line":44,"column":8},"end":{"line":44,"column":60}},"17":{"start":{"line":45,"column":29},"end":{"line":45,"column":39}},"18":{"start":{"line":46,"column":30},"end":{"line":46,"column":54}},"19":{"start":{"line":47,"column":33},"end":{"line":49,"column":10}},"20":{"start":{"line":48,"column":12},"end":{"line":48,"column":52}},"21":{"start":{"line":50,"column":31},"end":{"line":50,"column":86}},"22":{"start":{"line":52,"column":8},"end":{"line":58,"column":11}},"23":{"start":{"line":60,"column":8},"end":{"line":60,"column":25}},"24":{"start":{"line":64,"column":30},"end":{"line":66,"column":2}},"25":{"start":{"line":64,"column":37},"end":{"line":66,"column":1}},"26":{"start":{"line":68,"column":30},"end":{"line":75,"column":2}},"27":{"start":{"line":68,"column":98},"end":{"line":75,"column":1}},"28":{"start":{"line":77,"column":29},"end":{"line":79,"column":2}},"29":{"start":{"line":77,"column":36},"end":{"line":79,"column":1}},"30":{"start":{"line":81,"column":30},"end":{"line":120,"column":1}},"31":{"start":{"line":81,"column":72},"end":{"line":120,"column":1}},"32":{"start":{"line":82,"column":4},"end":{"line":82,"column":38}},"33":{"start":{"line":83,"column":34},"end":{"line":83,"column":61}},"34":{"start":{"line":84,"column":21},"end":{"line":93,"column":5}},"35":{"start":{"line":94,"column":4},"end":{"line":119,"column":5}},"36":{"start":{"line":95,"column":27},"end":{"line":95,"column":106}},"37":{"start":{"line":96,"column":8},"end":{"line":98,"column":9}},"38":{"start":{"line":97,"column":12},"end":{"line":97,"column":52}},"39":{"start":{"line":99,"column":30},"end":{"line":99,"column":53}},"40":{"start":{"line":100,"column":8},"end":{"line":100,"column":60}},"41":{"start":{"line":103,"column":29},"end":{"line":103,"column":39}},"42":{"start":{"line":104,"column":30},"end":{"line":104,"column":54}},"43":{"start":{"line":105,"column":33},"end":{"line":107,"column":10}},"44":{"start":{"line":106,"column":12},"end":{"line":106,"column":52}},"45":{"start":{"line":108,"column":31},"end":{"line":108,"column":86}},"46":{"start":{"line":110,"column":8},"end":{"line":116,"column":11}},"47":{"start":{"line":118,"column":8},"end":{"line":118,"column":25}},"48":{"start":{"line":122,"column":29},"end":{"line":124,"column":2}},"49":{"start":{"line":122,"column":36},"end":{"line":124,"column":1}},"50":{"start":{"line":126,"column":29},"end":{"line":131,"column":2}},"51":{"start":{"line":126,"column":66},"end":{"line":131,"column":1}},"52":{"start":{"line":133,"column":28},"end":{"line":135,"column":2}},"53":{"start":{"line":133,"column":35},"end":{"line":135,"column":1}},"54":{"start":{"line":137,"column":29},"end":{"line":155,"column":1}},"55":{"start":{"line":137,"column":68},"end":{"line":155,"column":1}},"56":{"start":{"line":138,"column":4},"end":{"line":138,"column":37}},"57":{"start":{"line":139,"column":21},"end":{"line":144,"column":5}},"58":{"start":{"line":145,"column":4},"end":{"line":154,"column":5}},"59":{"start":{"line":146,"column":33},"end":{"line":146,"column":106}},"60":{"start":{"line":147,"column":8},"end":{"line":149,"column":9}},"61":{"start":{"line":148,"column":12},"end":{"line":148,"column":51}},"62":{"start":{"line":150,"column":30},"end":{"line":150,"column":59}},"63":{"start":{"line":151,"column":8},"end":{"line":151,"column":82}},"64":{"start":{"line":153,"column":8},"end":{"line":153,"column":25}},"65":{"start":{"line":157,"column":27},"end":{"line":159,"column":2}},"66":{"start":{"line":157,"column":34},"end":{"line":159,"column":1}},"67":{"start":{"line":161,"column":27},"end":{"line":165,"column":2}},"68":{"start":{"line":161,"column":53},"end":{"line":165,"column":1}},"69":{"start":{"line":167,"column":26},"end":{"line":169,"column":2}},"70":{"start":{"line":167,"column":33},"end":{"line":169,"column":1}},"71":{"start":{"line":171,"column":27},"end":{"line":196,"column":1}},"72":{"start":{"line":171,"column":63},"end":{"line":196,"column":1}},"73":{"start":{"line":172,"column":4},"end":{"line":172,"column":35}},"74":{"start":{"line":173,"column":34},"end":{"line":173,"column":61}},"75":{"start":{"line":174,"column":21},"end":{"line":183,"column":5}},"76":{"start":{"line":184,"column":4},"end":{"line":195,"column":5}},"77":{"start":{"line":185,"column":31},"end":{"line":185,"column":104}},"78":{"start":{"line":186,"column":8},"end":{"line":188,"column":9}},"79":{"start":{"line":187,"column":12},"end":{"line":187,"column":49}},"80":{"start":{"line":189,"column":31},"end":{"line":189,"column":58}},"81":{"start":{"line":190,"column":8},"end":{"line":190,"column":62}},"82":{"start":{"line":191,"column":8},"end":{"line":191,"column":58}},"83":{"start":{"line":192,"column":8},"end":{"line":192,"column":73}},"84":{"start":{"line":194,"column":8},"end":{"line":194,"column":25}}},"fnMap":{"0":{"name":"(anonymous_0)","decl":{"start":{"line":5,"column":27},"end":{"line":5,"column":28}},"loc":{"start":{"line":5,"column":34},"end":{"line":7,"column":1}},"line":5},"1":{"name":"(anonymous_1)","decl":{"start":{"line":9,"column":27},"end":{"line":9,"column":28}},"loc":{"start":{"line":9,"column":95},"end":{"line":16,"column":1}},"line":9},"2":{"name":"(anonymous_2)","decl":{"start":{"line":18,"column":26},"end":{"line":18,"column":27}},"loc":{"start":{"line":18,"column":33},"end":{"line":20,"column":1}},"line":18},"3":{"name":"(anonymous_3)","decl":{"start":{"line":22,"column":27},"end":{"line":22,"column":28}},"loc":{"start":{"line":22,"column":60},"end":{"line":62,"column":1}},"line":22},"4":{"name":"(anonymous_4)","decl":{"start":{"line":22,"column":60},"end":{"line":22,"column":61}},"loc":{"start":{"line":22,"column":90},"end":{"line":62,"column":1}},"line":22},"5":{"name":"(anonymous_5)","decl":{"start":{"line":47,"column":89},"end":{"line":47,"column":90}},"loc":{"start":{"line":47,"column":103},"end":{"line":49,"column":9}},"line":47},"6":{"name":"(anonymous_6)","decl":{"start":{"line":64,"column":30},"end":{"line":64,"column":31}},"loc":{"start":{"line":64,"column":37},"end":{"line":66,"column":1}},"line":64},"7":{"name":"(anonymous_7)","decl":{"start":{"line":68,"column":30},"end":{"line":68,"column":31}},"loc":{"start":{"line":68,"column":98},"end":{"line":75,"column":1}},"line":68},"8":{"name":"(anonymous_8)","decl":{"start":{"line":77,"column":29},"end":{"line":77,"column":30}},"loc":{"start":{"line":77,"column":36},"end":{"line":79,"column":1}},"line":77},"9":{"name":"(anonymous_9)","decl":{"start":{"line":81,"column":30},"end":{"line":81,"column":31}},"loc":{"start":{"line":81,"column":72},"end":{"line":120,"column":1}},"line":81},"10":{"name":"(anonymous_10)","decl":{"start":{"line":81,"column":72},"end":{"line":81,"column":73}},"loc":{"start":{"line":81,"column":102},"end":{"line":120,"column":1}},"line":81},"11":{"name":"(anonymous_11)","decl":{"start":{"line":105,"column":89},"end":{"line":105,"column":90}},"loc":{"start":{"line":105,"column":103},"end":{"line":107,"column":9}},"line":105},"12":{"name":"(anonymous_12)","decl":{"start":{"line":122,"column":29},"end":{"line":122,"column":30}},"loc":{"start":{"line":122,"column":36},"end":{"line":124,"column":1}},"line":122},"13":{"name":"(anonymous_13)","decl":{"start":{"line":126,"column":29},"end":{"line":126,"column":30}},"loc":{"start":{"line":126,"column":66},"end":{"line":131,"column":1}},"line":126},"14":{"name":"(anonymous_14)","decl":{"start":{"line":133,"column":28},"end":{"line":133,"column":29}},"loc":{"start":{"line":133,"column":35},"end":{"line":135,"column":1}},"line":133},"15":{"name":"(anonymous_15)","decl":{"start":{"line":137,"column":29},"end":{"line":137,"column":30}},"loc":{"start":{"line":137,"column":68},"end":{"line":155,"column":1}},"line":137},"16":{"name":"(anonymous_16)","decl":{"start":{"line":137,"column":68},"end":{"line":137,"column":69}},"loc":{"start":{"line":137,"column":86},"end":{"line":155,"column":1}},"line":137},"17":{"name":"(anonymous_17)","decl":{"start":{"line":157,"column":27},"end":{"line":157,"column":28}},"loc":{"start":{"line":157,"column":34},"end":{"line":159,"column":1}},"line":157},"18":{"name":"(anonymous_18)","decl":{"start":{"line":161,"column":27},"end":{"line":161,"column":28}},"loc":{"start":{"line":161,"column":53},"end":{"line":165,"column":1}},"line":161},"19":{"name":"(anonymous_19)","decl":{"start":{"line":167,"column":26},"end":{"line":167,"column":27}},"loc":{"start":{"line":167,"column":33},"end":{"line":169,"column":1}},"line":167},"20":{"name":"(anonymous_20)","decl":{"start":{"line":171,"column":27},"end":{"line":171,"column":28}},"loc":{"start":{"line":171,"column":63},"end":{"line":196,"column":1}},"line":171},"21":{"name":"(anonymous_21)","decl":{"start":{"line":171,"column":63},"end":{"line":171,"column":64}},"loc":{"start":{"line":171,"column":81},"end":{"line":196,"column":1}},"line":171}},"branchMap":{"0":{"loc":{"start":{"line":37,"column":8},"end":{"line":39,"column":9}},"type":"if","locations":[{"start":{"line":37,"column":8},"end":{"line":39,"column":9}},{"start":{"line":37,"column":8},"end":{"line":39,"column":9}}],"line":37},"1":{"loc":{"start":{"line":96,"column":8},"end":{"line":98,"column":9}},"type":"if","locations":[{"start":{"line":96,"column":8},"end":{"line":98,"column":9}},{"start":{"line":96,"column":8},"end":{"line":98,"column":9}}],"line":96},"2":{"loc":{"start":{"line":147,"column":8},"end":{"line":149,"column":9}},"type":"if","locations":[{"start":{"line":147,"column":8},"end":{"line":149,"column":9}},{"start":{"line":147,"column":8},"end":{"line":149,"column":9}}],"line":147},"3":{"loc":{"start":{"line":186,"column":8},"end":{"line":188,"column":9}},"type":"if","locations":[{"start":{"line":186,"column":8},"end":{"line":188,"column":9}},{"start":{"line":186,"column":8},"end":{"line":188,"column":9}}],"line":186}},"s":{"0":1,"1":0,"2":1,"3":0,"4":1,"5":0,"6":1,"7":0,"8":0,"9":0,"10":0,"11":0,"12":0,"13":0,"14":0,"15":0,"16":0,"17":0,"18":0,"19":0,"20":0,"21":0,"22":0,"23":0,"24":1,"25":0,"26":1,"27":0,"28":1,"29":0,"30":1,"31":0,"32":0,"33":0,"34":0,"35":0,"36":0,"37":0,"38":0,"39":0,"40":0,"41":0,"42":0,"43":0,"44":0,"45":0,"46":0,"47":0,"48":1,"49":0,"50":1,"51":0,"52":1,"53":0,"54":1,"55":0,"56":0,"57":0,"58":0,"59":0,"60":0,"61":0,"62":0,"63":0,"64":0,"65":1,"66":0,"67":1,"68":0,"69":1,"70":0,"71":1,"72":0,"73":0,"74":0,"75":0,"76":0,"77":0,"78":0,"79":0,"80":0,"81":0,"82":0,"83":0,"84":0},"f":{"0":0,"1":0,"2":0,"3":0,"4":0,"5":0,"6":0,"7":0,"8":0,"9":0,"10":0,"11":0,"12":0,"13":0,"14":0,"15":0,"16":0,"17":0,"18":0,"19":0,"20":0,"21":0},"b":{"0":[0,0],"1":[0,0],"2":[0,0],"3":[0,0]},"_coverageSchema":"332fd63041d2c1bcb487cc26dd0d5f7d97098a6c","hash":"8fec373106d79e65abb14deea924b03cd7a628df"}
,"C:\\Users\\Adam\\Desktop\\web design\\kudos-app-frontend\\kudos-app-frontend\\actions\\currentUserActions.js": {"path":"C:\\Users\\Adam\\Desktop\\web design\\kudos-app-frontend\\kudos-app-frontend\\actions\\currentUserActions.js","statementMap":{"0":{"start":{"line":5,"column":32},"end":{"line":7,"column":2}},"1":{"start":{"line":5,"column":39},"end":{"line":7,"column":1}},"2":{"start":{"line":9,"column":32},"end":{"line":20,"column":2}},"3":{"start":{"line":9,"column":102},"end":{"line":20,"column":1}},"4":{"start":{"line":22,"column":31},"end":{"line":25,"column":2}},"5":{"start":{"line":22,"column":39},"end":{"line":25,"column":1}},"6":{"start":{"line":27,"column":33},"end":{"line":38,"column":1}},"7":{"start":{"line":28,"column":4},"end":{"line":37,"column":5}},"8":{"start":{"line":29,"column":36},"end":{"line":29,"column":89}},"9":{"start":{"line":30,"column":8},"end":{"line":32,"column":9}},"10":{"start":{"line":31,"column":12},"end":{"line":31,"column":36}},"11":{"start":{"line":33,"column":40},"end":{"line":33,"column":72}},"12":{"start":{"line":34,"column":8},"end":{"line":34,"column":39}},"13":{"start":{"line":36,"column":8},"end":{"line":36,"column":35}},"14":{"start":{"line":40,"column":33},"end":{"line":51,"column":1}},"15":{"start":{"line":41,"column":4},"end":{"line":50,"column":5}},"16":{"start":{"line":42,"column":36},"end":{"line":42,"column":98}},"17":{"start":{"line":43,"column":8},"end":{"line":45,"column":9}},"18":{"start":{"line":44,"column":12},"end":{"line":44,"column":36}},"19":{"start":{"line":46,"column":40},"end":{"line":46,"column":72}},"20":{"start":{"line":47,"column":8},"end":{"line":47,"column":65}},"21":{"start":{"line":49,"column":8},"end":{"line":49,"column":35}},"22":{"start":{"line":53,"column":31},"end":{"line":68,"column":1}},"23":{"start":{"line":54,"column":4},"end":{"line":67,"column":5}},"24":{"start":{"line":55,"column":34},"end":{"line":55,"column":93}},"25":{"start":{"line":56,"column":8},"end":{"line":58,"column":9}},"26":{"start":{"line":57,"column":12},"end":{"line":57,"column":36}},"27":{"start":{"line":59,"column":38},"end":{"line":59,"column":68}},"28":{"start":{"line":60,"column":32},"end":{"line":60,"column":79}},"29":{"start":{"line":61,"column":8},"end":{"line":63,"column":11}},"30":{"start":{"line":62,"column":12},"end":{"line":62,"column":64}},"31":{"start":{"line":64,"column":8},"end":{"line":64,"column":31}},"32":{"start":{"line":66,"column":8},"end":{"line":66,"column":35}},"33":{"start":{"line":70,"column":36},"end":{"line":81,"column":1}},"34":{"start":{"line":71,"column":4},"end":{"line":80,"column":5}},"35":{"start":{"line":72,"column":39},"end":{"line":72,"column":103}},"36":{"start":{"line":73,"column":8},"end":{"line":75,"column":9}},"37":{"start":{"line":74,"column":12},"end":{"line":74,"column":36}},"38":{"start":{"line":76,"column":43},"end":{"line":76,"column":78}},"39":{"start":{"line":77,"column":8},"end":{"line":77,"column":73}},"40":{"start":{"line":79,"column":8},"end":{"line":79,"column":35}},"41":{"start":{"line":83,"column":32},"end":{"line":134,"column":1}},"42":{"start":{"line":83,"column":41},"end":{"line":134,"column":1}},"43":{"start":{"line":84,"column":4},"end":{"line":84,"column":40}},"44":{"start":{"line":85,"column":21},"end":{"line":89,"column":5}},"45":{"start":{"line":90,"column":4},"end":{"line":133,"column":5}},"46":{"start":{"line":91,"column":31},"end":{"line":91,"column":65}},"47":{"start":{"line":92,"column":39},"end":{"line":92,"column":73}},"48":{"start":{"line":93,"column":37},"end":{"line":93,"column":69}},"49":{"start":{"line":94,"column":42},"end":{"line":94,"column":79}},"50":{"start":{"line":96,"column":28},"end":{"line":96,"column":48}},"51":{"start":{"line":97,"column":36},"end":{"line":97,"column":64}},"52":{"start":{"line":98,"column":34},"end":{"line":98,"column":60}},"53":{"start":{"line":99,"column":39},"end":{"line":99,"column":70}},"54":{"start":{"line":101,"column":34},"end":{"line":105,"column":9}},"55":{"start":{"line":106,"column":31},"end":{"line":106,"column":52}},"56":{"start":{"line":107,"column":33},"end":{"line":107,"column":56}},"57":{"start":{"line":108,"column":22},"end":{"line":112,"column":9}},"58":{"start":{"line":113,"column":22},"end":{"line":116,"column":9}},"59":{"start":{"line":117,"column":27},"end":{"line":119,"column":9}},"60":{"start":{"line":120,"column":8},"end":{"line":120,"column":39}},"61":{"start":{"line":122,"column":8},"end":{"line":130,"column":11}},"62":{"start":{"line":132,"column":8},"end":{"line":132,"column":46}},"63":{"start":{"line":136,"column":26},"end":{"line":139,"column":2}},"64":{"start":{"line":136,"column":38},"end":{"line":139,"column":1}},"65":{"start":{"line":141,"column":26},"end":{"line":144,"column":2}},"66":{"start":{"line":141,"column":38},"end":{"line":144,"column":1}},"67":{"start":{"line":146,"column":25},"end":{"line":149,"column":2}},"68":{"start":{"line":146,"column":37},"end":{"line":149,"column":1}},"69":{"start":{"line":152,"column":26},"end":{"line":170,"column":1}},"70":{"start":{"line":152,"column":46},"end":{"line":170,"column":1}},"71":{"start":{"line":153,"column":4},"end":{"line":153,"column":41}},"72":{"start":{"line":154,"column":21},"end":{"line":159,"column":5}},"73":{"start":{"line":160,"column":4},"end":{"line":169,"column":5}},"74":{"start":{"line":161,"column":30},"end":{"line":161,"column":102}},"75":{"start":{"line":162,"column":8},"end":{"line":164,"column":9}},"76":{"start":{"line":163,"column":12},"end":{"line":163,"column":55}},"77":{"start":{"line":165,"column":8},"end":{"line":165,"column":52}},"78":{"start":{"line":168,"column":8},"end":{"line":168,"column":25}},"79":{"start":{"line":173,"column":28},"end":{"line":176,"column":2}},"80":{"start":{"line":173,"column":40},"end":{"line":176,"column":1}},"81":{"start":{"line":178,"column":28},"end":{"line":181,"column":2}},"82":{"start":{"line":178,"column":40},"end":{"line":181,"column":1}},"83":{"start":{"line":183,"column":27},"end":{"line":186,"column":2}},"84":{"start":{"line":183,"column":39},"end":{"line":186,"column":1}},"85":{"start":{"line":188,"column":28},"end":{"line":205,"column":1}},"86":{"start":{"line":188,"column":48},"end":{"line":205,"column":1}},"87":{"start":{"line":189,"column":4},"end":{"line":189,"column":43}},"88":{"start":{"line":190,"column":21},"end":{"line":195,"column":5}},"89":{"start":{"line":196,"column":4},"end":{"line":204,"column":5}},"90":{"start":{"line":197,"column":32},"end":{"line":197,"column":104}},"91":{"start":{"line":198,"column":8},"end":{"line":200,"column":9}},"92":{"start":{"line":199,"column":12},"end":{"line":199,"column":57}},"93":{"start":{"line":201,"column":8},"end":{"line":201,"column":54}},"94":{"start":{"line":203,"column":8},"end":{"line":203,"column":25}},"95":{"start":{"line":209,"column":25},"end":{"line":212,"column":2}},"96":{"start":{"line":209,"column":37},"end":{"line":212,"column":1}},"97":{"start":{"line":214,"column":25},"end":{"line":218,"column":2}},"98":{"start":{"line":214,"column":55},"end":{"line":218,"column":1}},"99":{"start":{"line":220,"column":24},"end":{"line":223,"column":2}},"100":{"start":{"line":220,"column":36},"end":{"line":223,"column":1}},"101":{"start":{"line":225,"column":25},"end":{"line":242,"column":1}},"102":{"start":{"line":225,"column":61},"end":{"line":242,"column":1}},"103":{"start":{"line":226,"column":4},"end":{"line":226,"column":40}},"104":{"start":{"line":227,"column":21},"end":{"line":232,"column":5}},"105":{"start":{"line":233,"column":4},"end":{"line":241,"column":5}},"106":{"start":{"line":234,"column":26},"end":{"line":234,"column":96}},"107":{"start":{"line":235,"column":8},"end":{"line":237,"column":9}},"108":{"start":{"line":236,"column":12},"end":{"line":236,"column":54}},"109":{"start":{"line":238,"column":8},"end":{"line":238,"column":67}},"110":{"start":{"line":240,"column":8},"end":{"line":240,"column":25}},"111":{"start":{"line":245,"column":27},"end":{"line":248,"column":2}},"112":{"start":{"line":245,"column":39},"end":{"line":248,"column":1}},"113":{"start":{"line":250,"column":27},"end":{"line":254,"column":2}},"114":{"start":{"line":250,"column":57},"end":{"line":254,"column":1}},"115":{"start":{"line":256,"column":26},"end":{"line":259,"column":2}},"116":{"start":{"line":256,"column":38},"end":{"line":259,"column":1}},"117":{"start":{"line":261,"column":27},"end":{"line":278,"column":1}},"118":{"start":{"line":261,"column":63},"end":{"line":278,"column":1}},"119":{"start":{"line":262,"column":4},"end":{"line":262,"column":42}},"120":{"start":{"line":263,"column":21},"end":{"line":268,"column":5}},"121":{"start":{"line":269,"column":4},"end":{"line":277,"column":5}},"122":{"start":{"line":270,"column":28},"end":{"line":270,"column":98}},"123":{"start":{"line":271,"column":8},"end":{"line":273,"column":9}},"124":{"start":{"line":272,"column":12},"end":{"line":272,"column":56}},"125":{"start":{"line":274,"column":8},"end":{"line":274,"column":69}},"126":{"start":{"line":276,"column":8},"end":{"line":276,"column":25}},"127":{"start":{"line":280,"column":33},"end":{"line":282,"column":2}},"128":{"start":{"line":280,"column":40},"end":{"line":282,"column":1}},"129":{"start":{"line":284,"column":33},"end":{"line":291,"column":2}},"130":{"start":{"line":284,"column":70},"end":{"line":291,"column":1}},"131":{"start":{"line":293,"column":32},"end":{"line":295,"column":2}},"132":{"start":{"line":293,"column":39},"end":{"line":295,"column":1}},"133":{"start":{"line":297,"column":33},"end":{"line":324,"column":1}},"134":{"start":{"line":297,"column":61},"end":{"line":324,"column":1}},"135":{"start":{"line":298,"column":4},"end":{"line":298,"column":41}},"136":{"start":{"line":299,"column":21},"end":{"line":310,"column":5}},"137":{"start":{"line":311,"column":4},"end":{"line":323,"column":5}},"138":{"start":{"line":312,"column":37},"end":{"line":312,"column":90}},"139":{"start":{"line":313,"column":8},"end":{"line":315,"column":9}},"140":{"start":{"line":314,"column":12},"end":{"line":314,"column":55}},"141":{"start":{"line":316,"column":31},"end":{"line":316,"column":64}},"142":{"start":{"line":317,"column":30},"end":{"line":317,"column":51}},"143":{"start":{"line":318,"column":22},"end":{"line":318,"column":42}},"144":{"start":{"line":319,"column":8},"end":{"line":319,"column":35}},"145":{"start":{"line":320,"column":8},"end":{"line":320,"column":77}},"146":{"start":{"line":322,"column":8},"end":{"line":322,"column":25}},"147":{"start":{"line":326,"column":32},"end":{"line":328,"column":2}},"148":{"start":{"line":326,"column":39},"end":{"line":328,"column":1}},"149":{"start":{"line":330,"column":32},"end":{"line":334,"column":2}},"150":{"start":{"line":330,"column":58},"end":{"line":334,"column":1}},"151":{"start":{"line":336,"column":31},"end":{"line":338,"column":2}},"152":{"start":{"line":336,"column":38},"end":{"line":338,"column":1}},"153":{"start":{"line":340,"column":32},"end":{"line":359,"column":1}},"154":{"start":{"line":340,"column":53},"end":{"line":359,"column":1}},"155":{"start":{"line":341,"column":4},"end":{"line":341,"column":40}},"156":{"start":{"line":342,"column":21},"end":{"line":348,"column":5}},"157":{"start":{"line":349,"column":4},"end":{"line":358,"column":5}},"158":{"start":{"line":350,"column":36},"end":{"line":350,"column":96}},"159":{"start":{"line":351,"column":8},"end":{"line":353,"column":9}},"160":{"start":{"line":352,"column":12},"end":{"line":352,"column":54}},"161":{"start":{"line":354,"column":31},"end":{"line":354,"column":63}},"162":{"start":{"line":355,"column":8},"end":{"line":355,"column":85}},"163":{"start":{"line":357,"column":8},"end":{"line":357,"column":25}},"164":{"start":{"line":362,"column":34},"end":{"line":364,"column":2}},"165":{"start":{"line":362,"column":41},"end":{"line":364,"column":1}},"166":{"start":{"line":366,"column":34},"end":{"line":368,"column":2}},"167":{"start":{"line":366,"column":41},"end":{"line":368,"column":1}},"168":{"start":{"line":370,"column":33},"end":{"line":372,"column":2}},"169":{"start":{"line":370,"column":40},"end":{"line":372,"column":1}},"170":{"start":{"line":374,"column":34},"end":{"line":397,"column":1}},"171":{"start":{"line":374,"column":64},"end":{"line":397,"column":1}},"172":{"start":{"line":375,"column":4},"end":{"line":375,"column":42}},"173":{"start":{"line":376,"column":21},"end":{"line":386,"column":5}},"174":{"start":{"line":387,"column":4},"end":{"line":396,"column":5}},"175":{"start":{"line":388,"column":34},"end":{"line":388,"column":96}},"176":{"start":{"line":389,"column":8},"end":{"line":391,"column":9}},"177":{"start":{"line":390,"column":12},"end":{"line":390,"column":56}},"178":{"start":{"line":392,"column":8},"end":{"line":392,"column":53}},"179":{"start":{"line":394,"column":8},"end":{"line":394,"column":25}},"180":{"start":{"line":395,"column":8},"end":{"line":395,"column":45}}},"fnMap":{"0":{"name":"(anonymous_0)","decl":{"start":{"line":5,"column":32},"end":{"line":5,"column":33}},"loc":{"start":{"line":5,"column":39},"end":{"line":7,"column":1}},"line":5},"1":{"name":"(anonymous_1)","decl":{"start":{"line":9,"column":32},"end":{"line":9,"column":33}},"loc":{"start":{"line":9,"column":102},"end":{"line":20,"column":1}},"line":9},"2":{"name":"(anonymous_2)","decl":{"start":{"line":22,"column":31},"end":{"line":22,"column":32}},"loc":{"start":{"line":22,"column":39},"end":{"line":25,"column":1}},"line":22},"3":{"name":"(anonymous_3)","decl":{"start":{"line":27,"column":33},"end":{"line":27,"column":34}},"loc":{"start":{"line":27,"column":53},"end":{"line":38,"column":1}},"line":27},"4":{"name":"(anonymous_4)","decl":{"start":{"line":40,"column":33},"end":{"line":40,"column":34}},"loc":{"start":{"line":40,"column":53},"end":{"line":51,"column":1}},"line":40},"5":{"name":"(anonymous_5)","decl":{"start":{"line":53,"column":31},"end":{"line":53,"column":32}},"loc":{"start":{"line":53,"column":51},"end":{"line":68,"column":1}},"line":53},"6":{"name":"(anonymous_6)","decl":{"start":{"line":61,"column":60},"end":{"line":61,"column":61}},"loc":{"start":{"line":61,"column":72},"end":{"line":63,"column":9}},"line":61},"7":{"name":"(anonymous_7)","decl":{"start":{"line":70,"column":36},"end":{"line":70,"column":37}},"loc":{"start":{"line":70,"column":56},"end":{"line":81,"column":1}},"line":70},"8":{"name":"(anonymous_8)","decl":{"start":{"line":83,"column":32},"end":{"line":83,"column":33}},"loc":{"start":{"line":83,"column":41},"end":{"line":134,"column":1}},"line":83},"9":{"name":"(anonymous_9)","decl":{"start":{"line":83,"column":41},"end":{"line":83,"column":42}},"loc":{"start":{"line":83,"column":59},"end":{"line":134,"column":1}},"line":83},"10":{"name":"(anonymous_10)","decl":{"start":{"line":136,"column":26},"end":{"line":136,"column":27}},"loc":{"start":{"line":136,"column":38},"end":{"line":139,"column":1}},"line":136},"11":{"name":"(anonymous_11)","decl":{"start":{"line":141,"column":26},"end":{"line":141,"column":27}},"loc":{"start":{"line":141,"column":38},"end":{"line":144,"column":1}},"line":141},"12":{"name":"(anonymous_12)","decl":{"start":{"line":146,"column":25},"end":{"line":146,"column":26}},"loc":{"start":{"line":146,"column":37},"end":{"line":149,"column":1}},"line":146},"13":{"name":"(anonymous_13)","decl":{"start":{"line":152,"column":26},"end":{"line":152,"column":27}},"loc":{"start":{"line":152,"column":46},"end":{"line":170,"column":1}},"line":152},"14":{"name":"(anonymous_14)","decl":{"start":{"line":152,"column":46},"end":{"line":152,"column":47}},"loc":{"start":{"line":152,"column":64},"end":{"line":170,"column":1}},"line":152},"15":{"name":"(anonymous_15)","decl":{"start":{"line":173,"column":28},"end":{"line":173,"column":29}},"loc":{"start":{"line":173,"column":40},"end":{"line":176,"column":1}},"line":173},"16":{"name":"(anonymous_16)","decl":{"start":{"line":178,"column":28},"end":{"line":178,"column":29}},"loc":{"start":{"line":178,"column":40},"end":{"line":181,"column":1}},"line":178},"17":{"name":"(anonymous_17)","decl":{"start":{"line":183,"column":27},"end":{"line":183,"column":28}},"loc":{"start":{"line":183,"column":39},"end":{"line":186,"column":1}},"line":183},"18":{"name":"(anonymous_18)","decl":{"start":{"line":188,"column":28},"end":{"line":188,"column":29}},"loc":{"start":{"line":188,"column":48},"end":{"line":205,"column":1}},"line":188},"19":{"name":"(anonymous_19)","decl":{"start":{"line":188,"column":48},"end":{"line":188,"column":49}},"loc":{"start":{"line":188,"column":66},"end":{"line":205,"column":1}},"line":188},"20":{"name":"(anonymous_20)","decl":{"start":{"line":209,"column":25},"end":{"line":209,"column":26}},"loc":{"start":{"line":209,"column":37},"end":{"line":212,"column":1}},"line":209},"21":{"name":"(anonymous_21)","decl":{"start":{"line":214,"column":25},"end":{"line":214,"column":26}},"loc":{"start":{"line":214,"column":55},"end":{"line":218,"column":1}},"line":214},"22":{"name":"(anonymous_22)","decl":{"start":{"line":220,"column":24},"end":{"line":220,"column":25}},"loc":{"start":{"line":220,"column":36},"end":{"line":223,"column":1}},"line":220},"23":{"name":"(anonymous_23)","decl":{"start":{"line":225,"column":25},"end":{"line":225,"column":26}},"loc":{"start":{"line":225,"column":61},"end":{"line":242,"column":1}},"line":225},"24":{"name":"(anonymous_24)","decl":{"start":{"line":225,"column":61},"end":{"line":225,"column":62}},"loc":{"start":{"line":225,"column":79},"end":{"line":242,"column":1}},"line":225},"25":{"name":"(anonymous_25)","decl":{"start":{"line":245,"column":27},"end":{"line":245,"column":28}},"loc":{"start":{"line":245,"column":39},"end":{"line":248,"column":1}},"line":245},"26":{"name":"(anonymous_26)","decl":{"start":{"line":250,"column":27},"end":{"line":250,"column":28}},"loc":{"start":{"line":250,"column":57},"end":{"line":254,"column":1}},"line":250},"27":{"name":"(anonymous_27)","decl":{"start":{"line":256,"column":26},"end":{"line":256,"column":27}},"loc":{"start":{"line":256,"column":38},"end":{"line":259,"column":1}},"line":256},"28":{"name":"(anonymous_28)","decl":{"start":{"line":261,"column":27},"end":{"line":261,"column":28}},"loc":{"start":{"line":261,"column":63},"end":{"line":278,"column":1}},"line":261},"29":{"name":"(anonymous_29)","decl":{"start":{"line":261,"column":63},"end":{"line":261,"column":64}},"loc":{"start":{"line":261,"column":81},"end":{"line":278,"column":1}},"line":261},"30":{"name":"(anonymous_30)","decl":{"start":{"line":280,"column":33},"end":{"line":280,"column":34}},"loc":{"start":{"line":280,"column":40},"end":{"line":282,"column":1}},"line":280},"31":{"name":"(anonymous_31)","decl":{"start":{"line":284,"column":33},"end":{"line":284,"column":34}},"loc":{"start":{"line":284,"column":70},"end":{"line":291,"column":1}},"line":284},"32":{"name":"(anonymous_32)","decl":{"start":{"line":293,"column":32},"end":{"line":293,"column":33}},"loc":{"start":{"line":293,"column":39},"end":{"line":295,"column":1}},"line":293},"33":{"name":"(anonymous_33)","decl":{"start":{"line":297,"column":33},"end":{"line":297,"column":34}},"loc":{"start":{"line":297,"column":61},"end":{"line":324,"column":1}},"line":297},"34":{"name":"(anonymous_34)","decl":{"start":{"line":297,"column":61},"end":{"line":297,"column":62}},"loc":{"start":{"line":297,"column":79},"end":{"line":324,"column":1}},"line":297},"35":{"name":"(anonymous_35)","decl":{"start":{"line":326,"column":32},"end":{"line":326,"column":33}},"loc":{"start":{"line":326,"column":39},"end":{"line":328,"column":1}},"line":326},"36":{"name":"(anonymous_36)","decl":{"start":{"line":330,"column":32},"end":{"line":330,"column":33}},"loc":{"start":{"line":330,"column":58},"end":{"line":334,"column":1}},"line":330},"37":{"name":"(anonymous_37)","decl":{"start":{"line":336,"column":31},"end":{"line":336,"column":32}},"loc":{"start":{"line":336,"column":38},"end":{"line":338,"column":1}},"line":336},"38":{"name":"(anonymous_38)","decl":{"start":{"line":340,"column":32},"end":{"line":340,"column":33}},"loc":{"start":{"line":340,"column":53},"end":{"line":359,"column":1}},"line":340},"39":{"name":"(anonymous_39)","decl":{"start":{"line":340,"column":53},"end":{"line":340,"column":54}},"loc":{"start":{"line":340,"column":71},"end":{"line":359,"column":1}},"line":340},"40":{"name":"(anonymous_40)","decl":{"start":{"line":362,"column":34},"end":{"line":362,"column":35}},"loc":{"start":{"line":362,"column":41},"end":{"line":364,"column":1}},"line":362},"41":{"name":"(anonymous_41)","decl":{"start":{"line":366,"column":34},"end":{"line":366,"column":35}},"loc":{"start":{"line":366,"column":41},"end":{"line":368,"column":1}},"line":366},"42":{"name":"(anonymous_42)","decl":{"start":{"line":370,"column":33},"end":{"line":370,"column":34}},"loc":{"start":{"line":370,"column":40},"end":{"line":372,"column":1}},"line":370},"43":{"name":"(anonymous_43)","decl":{"start":{"line":374,"column":34},"end":{"line":374,"column":35}},"loc":{"start":{"line":374,"column":64},"end":{"line":397,"column":1}},"line":374},"44":{"name":"(anonymous_44)","decl":{"start":{"line":374,"column":64},"end":{"line":374,"column":65}},"loc":{"start":{"line":374,"column":82},"end":{"line":397,"column":1}},"line":374}},"branchMap":{"0":{"loc":{"start":{"line":30,"column":8},"end":{"line":32,"column":9}},"type":"if","locations":[{"start":{"line":30,"column":8},"end":{"line":32,"column":9}},{"start":{"line":30,"column":8},"end":{"line":32,"column":9}}],"line":30},"1":{"loc":{"start":{"line":43,"column":8},"end":{"line":45,"column":9}},"type":"if","locations":[{"start":{"line":43,"column":8},"end":{"line":45,"column":9}},{"start":{"line":43,"column":8},"end":{"line":45,"column":9}}],"line":43},"2":{"loc":{"start":{"line":56,"column":8},"end":{"line":58,"column":9}},"type":"if","locations":[{"start":{"line":56,"column":8},"end":{"line":58,"column":9}},{"start":{"line":56,"column":8},"end":{"line":58,"column":9}}],"line":56},"3":{"loc":{"start":{"line":73,"column":8},"end":{"line":75,"column":9}},"type":"if","locations":[{"start":{"line":73,"column":8},"end":{"line":75,"column":9}},{"start":{"line":73,"column":8},"end":{"line":75,"column":9}}],"line":73},"4":{"loc":{"start":{"line":162,"column":8},"end":{"line":164,"column":9}},"type":"if","locations":[{"start":{"line":162,"column":8},"end":{"line":164,"column":9}},{"start":{"line":162,"column":8},"end":{"line":164,"column":9}}],"line":162},"5":{"loc":{"start":{"line":198,"column":8},"end":{"line":200,"column":9}},"type":"if","locations":[{"start":{"line":198,"column":8},"end":{"line":200,"column":9}},{"start":{"line":198,"column":8},"end":{"line":200,"column":9}}],"line":198},"6":{"loc":{"start":{"line":235,"column":8},"end":{"line":237,"column":9}},"type":"if","locations":[{"start":{"line":235,"column":8},"end":{"line":237,"column":9}},{"start":{"line":235,"column":8},"end":{"line":237,"column":9}}],"line":235},"7":{"loc":{"start":{"line":271,"column":8},"end":{"line":273,"column":9}},"type":"if","locations":[{"start":{"line":271,"column":8},"end":{"line":273,"column":9}},{"start":{"line":271,"column":8},"end":{"line":273,"column":9}}],"line":271},"8":{"loc":{"start":{"line":313,"column":8},"end":{"line":315,"column":9}},"type":"if","locations":[{"start":{"line":313,"column":8},"end":{"line":315,"column":9}},{"start":{"line":313,"column":8},"end":{"line":315,"column":9}}],"line":313},"9":{"loc":{"start":{"line":351,"column":8},"end":{"line":353,"column":9}},"type":"if","locations":[{"start":{"line":351,"column":8},"end":{"line":353,"column":9}},{"start":{"line":351,"column":8},"end":{"line":353,"column":9}}],"line":351},"10":{"loc":{"start":{"line":389,"column":8},"end":{"line":391,"column":9}},"type":"if","locations":[{"start":{"line":389,"column":8},"end":{"line":391,"column":9}},{"start":{"line":389,"column":8},"end":{"line":391,"column":9}}],"line":389}},"s":{"0":1,"1":0,"2":1,"3":0,"4":1,"5":0,"6":1,"7":0,"8":0,"9":0,"10":0,"11":0,"12":0,"13":0,"14":1,"15":0,"16":0,"17":0,"18":0,"19":0,"20":0,"21":0,"22":1,"23":0,"24":0,"25":0,"26":0,"27":0,"28":0,"29":0,"30":0,"31":0,"32":0,"33":1,"34":0,"35":0,"36":0,"37":0,"38":0,"39":0,"40":0,"41":1,"42":0,"43":0,"44":0,"45":0,"46":0,"47":0,"48":0,"49":0,"50":0,"51":0,"52":0,"53":0,"54":0,"55":0,"56":0,"57":0,"58":0,"59":0,"60":0,"61":0,"62":0,"63":1,"64":0,"65":1,"66":0,"67":1,"68":0,"69":1,"70":0,"71":0,"72":0,"73":0,"74":0,"75":0,"76":0,"77":0,"78":0,"79":1,"80":0,"81":1,"82":0,"83":1,"84":0,"85":1,"86":0,"87":0,"88":0,"89":0,"90":0,"91":0,"92":0,"93":0,"94":0,"95":1,"96":0,"97":1,"98":0,"99":1,"100":0,"101":1,"102":0,"103":0,"104":0,"105":0,"106":0,"107":0,"108":0,"109":0,"110":0,"111":1,"112":0,"113":1,"114":0,"115":1,"116":0,"117":1,"118":0,"119":0,"120":0,"121":0,"122":0,"123":0,"124":0,"125":0,"126":0,"127":1,"128":0,"129":1,"130":0,"131":1,"132":0,"133":1,"134":0,"135":0,"136":0,"137":0,"138":0,"139":0,"140":0,"141":0,"142":0,"143":0,"144":0,"145":0,"146":0,"147":1,"148":0,"149":1,"150":0,"151":1,"152":0,"153":1,"154":0,"155":0,"156":0,"157":0,"158":0,"159":0,"160":0,"161":0,"162":0,"163":0,"164":1,"165":0,"166":1,"167":0,"168":1,"169":0,"170":1,"171":0,"172":0,"173":0,"174":0,"175":0,"176":0,"177":0,"178":0,"179":0,"180":0},"f":{"0":0,"1":0,"2":0,"3":0,"4":0,"5":0,"6":0,"7":0,"8":0,"9":0,"10":0,"11":0,"12":0,"13":0,"14":0,"15":0,"16":0,"17":0,"18":0,"19":0,"20":0,"21":0,"22":0,"23":0,"24":0,"25":0,"26":0,"27":0,"28":0,"29":0,"30":0,"31":0,"32":0,"33":0,"34":0,"35":0,"36":0,"37":0,"38":0,"39":0,"40":0,"41":0,"42":0,"43":0,"44":0},"b":{"0":[0,0],"1":[0,0],"2":[0,0],"3":[0,0],"4":[0,0],"5":[0,0],"6":[0,0],"7":[0,0],"8":[0,0],"9":[0,0],"10":[0,0]},"_coverageSchema":"332fd63041d2c1bcb487cc26dd0d5f7d97098a6c","hash":"f39c437d1d675590591af3caf9a386078041270f"}
,"C:\\Users\\Adam\\Desktop\\web design\\kudos-app-frontend\\kudos-app-frontend\\actions\\errorActions.js": {"path":"C:\\Users\\Adam\\Desktop\\web design\\kudos-app-frontend\\kudos-app-frontend\\actions\\errorActions.js","statementMap":{"0":{"start":{"line":3,"column":42},"end":{"line":5,"column":2}},"1":{"start":{"line":3,"column":49},"end":{"line":5,"column":1}},"2":{"start":{"line":7,"column":45},"end":{"line":9,"column":2}},"3":{"start":{"line":7,"column":52},"end":{"line":9,"column":1}},"4":{"start":{"line":11,"column":29},"end":{"line":13,"column":2}},"5":{"start":{"line":11,"column":36},"end":{"line":13,"column":1}}},"fnMap":{"0":{"name":"(anonymous_0)","decl":{"start":{"line":3,"column":42},"end":{"line":3,"column":43}},"loc":{"start":{"line":3,"column":49},"end":{"line":5,"column":1}},"line":3},"1":{"name":"(anonymous_1)","decl":{"start":{"line":7,"column":45},"end":{"line":7,"column":46}},"loc":{"start":{"line":7,"column":52},"end":{"line":9,"column":1}},"line":7},"2":{"name":"(anonymous_2)","decl":{"start":{"line":11,"column":29},"end":{"line":11,"column":30}},"loc":{"start":{"line":11,"column":36},"end":{"line":13,"column":1}},"line":11}},"branchMap":{},"s":{"0":1,"1":0,"2":1,"3":0,"4":1,"5":0},"f":{"0":0,"1":0,"2":0},"b":{},"_coverageSchema":"332fd63041d2c1bcb487cc26dd0d5f7d97098a6c","hash":"f9e86903435c3c3c3b9f03b6d8c984a79977d440"}
,"C:\\Users\\Adam\\Desktop\\web design\\kudos-app-frontend\\kudos-app-frontend\\actions\\index.js": {"path":"C:\\Users\\Adam\\Desktop\\web design\\kudos-app-frontend\\kudos-app-frontend\\actions\\index.js","statementMap":{},"fnMap":{},"branchMap":{},"s":{},"f":{},"b":{},"_coverageSchema":"332fd63041d2c1bcb487cc26dd0d5f7d97098a6c","hash":"ccb7686f32e7d1ee3dd2664dcc4d1dc0d18dbfce"}
,"C:\\Users\\Adam\\Desktop\\web design\\kudos-app-frontend\\kudos-app-frontend\\actions\\postsActions.js": {"path":"C:\\Users\\Adam\\Desktop\\web design\\kudos-app-frontend\\kudos-app-frontend\\actions\\postsActions.js","statementMap":{"0":{"start":{"line":6,"column":26},"end":{"line":8,"column":2}},"1":{"start":{"line":6,"column":33},"end":{"line":8,"column":1}},"2":{"start":{"line":10,"column":26},"end":{"line":14,"column":2}},"3":{"start":{"line":10,"column":48},"end":{"line":14,"column":1}},"4":{"start":{"line":16,"column":25},"end":{"line":19,"column":2}},"5":{"start":{"line":16,"column":33},"end":{"line":19,"column":1}},"6":{"start":{"line":23,"column":26},"end":{"line":34,"column":1}},"7":{"start":{"line":23,"column":32},"end":{"line":34,"column":1}},"8":{"start":{"line":24,"column":4},"end":{"line":24,"column":34}},"9":{"start":{"line":25,"column":4},"end":{"line":33,"column":5}},"10":{"start":{"line":26,"column":22},"end":{"line":26,"column":68}},"11":{"start":{"line":27,"column":26},"end":{"line":27,"column":44}},"12":{"start":{"line":28,"column":8},"end":{"line":30,"column":10}},"13":{"start":{"line":32,"column":8},"end":{"line":32,"column":37}},"14":{"start":{"line":36,"column":36},"end":{"line":38,"column":2}},"15":{"start":{"line":36,"column":43},"end":{"line":38,"column":1}},"16":{"start":{"line":40,"column":36},"end":{"line":45,"column":2}},"17":{"start":{"line":40,"column":69},"end":{"line":45,"column":1}},"18":{"start":{"line":47,"column":35},"end":{"line":49,"column":2}},"19":{"start":{"line":47,"column":42},"end":{"line":49,"column":1}},"20":{"start":{"line":51,"column":36},"end":{"line":62,"column":1}},"21":{"start":{"line":51,"column":48},"end":{"line":62,"column":1}},"22":{"start":{"line":52,"column":4},"end":{"line":52,"column":44}},"23":{"start":{"line":53,"column":4},"end":{"line":61,"column":5}},"24":{"start":{"line":54,"column":22},"end":{"line":54,"column":89}},"25":{"start":{"line":55,"column":26},"end":{"line":55,"column":44}},"26":{"start":{"line":56,"column":8},"end":{"line":58,"column":10}},"27":{"start":{"line":60,"column":8},"end":{"line":60,"column":47}},"28":{"start":{"line":64,"column":22},"end":{"line":75,"column":1}},"29":{"start":{"line":65,"column":4},"end":{"line":74,"column":5}},"30":{"start":{"line":66,"column":25},"end":{"line":66,"column":78}},"31":{"start":{"line":67,"column":8},"end":{"line":69,"column":9}},"32":{"start":{"line":68,"column":12},"end":{"line":68,"column":36}},"33":{"start":{"line":70,"column":29},"end":{"line":70,"column":50}},"34":{"start":{"line":71,"column":8},"end":{"line":71,"column":53}},"35":{"start":{"line":73,"column":6},"end":{"line":73,"column":17}},"36":{"start":{"line":77,"column":26},"end":{"line":88,"column":1}},"37":{"start":{"line":78,"column":4},"end":{"line":87,"column":5}},"38":{"start":{"line":79,"column":25},"end":{"line":79,"column":87}},"39":{"start":{"line":80,"column":8},"end":{"line":82,"column":9}},"40":{"start":{"line":81,"column":12},"end":{"line":81,"column":36}},"41":{"start":{"line":83,"column":29},"end":{"line":83,"column":50}},"42":{"start":{"line":84,"column":8},"end":{"line":84,"column":57}},"43":{"start":{"line":86,"column":6},"end":{"line":86,"column":17}},"44":{"start":{"line":90,"column":23},"end":{"line":101,"column":1}},"45":{"start":{"line":91,"column":4},"end":{"line":100,"column":5}},"46":{"start":{"line":92,"column":22},"end":{"line":92,"column":81}},"47":{"start":{"line":93,"column":8},"end":{"line":95,"column":9}},"48":{"start":{"line":94,"column":12},"end":{"line":94,"column":36}},"49":{"start":{"line":96,"column":26},"end":{"line":96,"column":44}},"50":{"start":{"line":97,"column":8},"end":{"line":97,"column":25}},"51":{"start":{"line":99,"column":8},"end":{"line":99,"column":35}},"52":{"start":{"line":104,"column":25},"end":{"line":106,"column":2}},"53":{"start":{"line":104,"column":32},"end":{"line":106,"column":1}},"54":{"start":{"line":108,"column":25},"end":{"line":112,"column":2}},"55":{"start":{"line":108,"column":41},"end":{"line":112,"column":1}},"56":{"start":{"line":114,"column":24},"end":{"line":117,"column":2}},"57":{"start":{"line":114,"column":32},"end":{"line":117,"column":1}},"58":{"start":{"line":119,"column":25},"end":{"line":150,"column":1}},"59":{"start":{"line":119,"column":32},"end":{"line":150,"column":1}},"60":{"start":{"line":120,"column":4},"end":{"line":120,"column":33}},"61":{"start":{"line":121,"column":4},"end":{"line":149,"column":5}},"62":{"start":{"line":122,"column":24},"end":{"line":122,"column":42}},"63":{"start":{"line":123,"column":28},"end":{"line":123,"column":50}},"64":{"start":{"line":124,"column":25},"end":{"line":124,"column":44}},"65":{"start":{"line":125,"column":21},"end":{"line":125,"column":34}},"66":{"start":{"line":126,"column":25},"end":{"line":126,"column":42}},"67":{"start":{"line":127,"column":22},"end":{"line":127,"column":36}},"68":{"start":{"line":129,"column":33},"end":{"line":144,"column":9}},"69":{"start":{"line":146,"column":8},"end":{"line":146,"column":58}},"70":{"start":{"line":148,"column":8},"end":{"line":148,"column":39}},"71":{"start":{"line":153,"column":26},"end":{"line":155,"column":2}},"72":{"start":{"line":153,"column":33},"end":{"line":155,"column":1}},"73":{"start":{"line":157,"column":26},"end":{"line":163,"column":2}},"74":{"start":{"line":157,"column":61},"end":{"line":163,"column":1}},"75":{"start":{"line":165,"column":25},"end":{"line":167,"column":2}},"76":{"start":{"line":165,"column":32},"end":{"line":167,"column":1}},"77":{"start":{"line":170,"column":26},"end":{"line":192,"column":1}},"78":{"start":{"line":170,"column":63},"end":{"line":192,"column":1}},"79":{"start":{"line":171,"column":4},"end":{"line":171,"column":34}},"80":{"start":{"line":172,"column":21},"end":{"line":178,"column":5}},"81":{"start":{"line":179,"column":4},"end":{"line":191,"column":5}},"82":{"start":{"line":180,"column":30},"end":{"line":180,"column":86}},"83":{"start":{"line":181,"column":8},"end":{"line":183,"column":9}},"84":{"start":{"line":182,"column":12},"end":{"line":182,"column":48}},"85":{"start":{"line":184,"column":25},"end":{"line":184,"column":51}},"86":{"start":{"line":185,"column":27},"end":{"line":185,"column":39}},"87":{"start":{"line":186,"column":32},"end":{"line":186,"column":49}},"88":{"start":{"line":187,"column":8},"end":{"line":187,"column":91}},"89":{"start":{"line":188,"column":8},"end":{"line":188,"column":71}},"90":{"start":{"line":190,"column":8},"end":{"line":190,"column":25}},"91":{"start":{"line":194,"column":30},"end":{"line":199,"column":2}},"92":{"start":{"line":194,"column":70},"end":{"line":199,"column":1}},"93":{"start":{"line":202,"column":24},"end":{"line":204,"column":2}},"94":{"start":{"line":202,"column":31},"end":{"line":204,"column":1}},"95":{"start":{"line":206,"column":24},"end":{"line":210,"column":2}},"96":{"start":{"line":206,"column":40},"end":{"line":210,"column":1}},"97":{"start":{"line":212,"column":23},"end":{"line":214,"column":2}},"98":{"start":{"line":212,"column":30},"end":{"line":214,"column":1}},"99":{"start":{"line":218,"column":24},"end":{"line":243,"column":1}},"100":{"start":{"line":218,"column":80},"end":{"line":243,"column":1}},"101":{"start":{"line":219,"column":4},"end":{"line":219,"column":32}},"102":{"start":{"line":220,"column":21},"end":{"line":226,"column":5}},"103":{"start":{"line":227,"column":4},"end":{"line":242,"column":5}},"104":{"start":{"line":228,"column":28},"end":{"line":228,"column":95}},"105":{"start":{"line":229,"column":8},"end":{"line":231,"column":9}},"106":{"start":{"line":230,"column":12},"end":{"line":230,"column":46}},"107":{"start":{"line":232,"column":31},"end":{"line":232,"column":55}},"108":{"start":{"line":233,"column":8},"end":{"line":233,"column":58}},"109":{"start":{"line":234,"column":30},"end":{"line":234,"column":48}},"110":{"start":{"line":235,"column":8},"end":{"line":235,"column":59}},"111":{"start":{"line":236,"column":8},"end":{"line":238,"column":9}},"112":{"start":{"line":237,"column":12},"end":{"line":237,"column":79}},"113":{"start":{"line":239,"column":8},"end":{"line":239,"column":78}},"114":{"start":{"line":241,"column":8},"end":{"line":241,"column":25}}},"fnMap":{"0":{"name":"(anonymous_0)","decl":{"start":{"line":6,"column":26},"end":{"line":6,"column":27}},"loc":{"start":{"line":6,"column":33},"end":{"line":8,"column":1}},"line":6},"1":{"name":"(anonymous_1)","decl":{"start":{"line":10,"column":26},"end":{"line":10,"column":27}},"loc":{"start":{"line":10,"column":48},"end":{"line":14,"column":1}},"line":10},"2":{"name":"(anonymous_2)","decl":{"start":{"line":16,"column":25},"end":{"line":16,"column":26}},"loc":{"start":{"line":16,"column":33},"end":{"line":19,"column":1}},"line":16},"3":{"name":"(anonymous_3)","decl":{"start":{"line":23,"column":26},"end":{"line":23,"column":27}},"loc":{"start":{"line":23,"column":32},"end":{"line":34,"column":1}},"line":23},"4":{"name":"(anonymous_4)","decl":{"start":{"line":23,"column":32},"end":{"line":23,"column":33}},"loc":{"start":{"line":23,"column":50},"end":{"line":34,"column":1}},"line":23},"5":{"name":"(anonymous_5)","decl":{"start":{"line":36,"column":36},"end":{"line":36,"column":37}},"loc":{"start":{"line":36,"column":43},"end":{"line":38,"column":1}},"line":36},"6":{"name":"(anonymous_6)","decl":{"start":{"line":40,"column":36},"end":{"line":40,"column":37}},"loc":{"start":{"line":40,"column":69},"end":{"line":45,"column":1}},"line":40},"7":{"name":"(anonymous_7)","decl":{"start":{"line":47,"column":35},"end":{"line":47,"column":36}},"loc":{"start":{"line":47,"column":42},"end":{"line":49,"column":1}},"line":47},"8":{"name":"(anonymous_8)","decl":{"start":{"line":51,"column":36},"end":{"line":51,"column":37}},"loc":{"start":{"line":51,"column":48},"end":{"line":62,"column":1}},"line":51},"9":{"name":"(anonymous_9)","decl":{"start":{"line":51,"column":48},"end":{"line":51,"column":49}},"loc":{"start":{"line":51,"column":66},"end":{"line":62,"column":1}},"line":51},"10":{"name":"(anonymous_10)","decl":{"start":{"line":64,"column":22},"end":{"line":64,"column":23}},"loc":{"start":{"line":64,"column":35},"end":{"line":75,"column":1}},"line":64},"11":{"name":"(anonymous_11)","decl":{"start":{"line":77,"column":26},"end":{"line":77,"column":27}},"loc":{"start":{"line":77,"column":39},"end":{"line":88,"column":1}},"line":77},"12":{"name":"(anonymous_12)","decl":{"start":{"line":90,"column":23},"end":{"line":90,"column":24}},"loc":{"start":{"line":90,"column":36},"end":{"line":101,"column":1}},"line":90},"13":{"name":"(anonymous_13)","decl":{"start":{"line":104,"column":25},"end":{"line":104,"column":26}},"loc":{"start":{"line":104,"column":32},"end":{"line":106,"column":1}},"line":104},"14":{"name":"(anonymous_14)","decl":{"start":{"line":108,"column":25},"end":{"line":108,"column":26}},"loc":{"start":{"line":108,"column":41},"end":{"line":112,"column":1}},"line":108},"15":{"name":"(anonymous_15)","decl":{"start":{"line":114,"column":24},"end":{"line":114,"column":25}},"loc":{"start":{"line":114,"column":32},"end":{"line":117,"column":1}},"line":114},"16":{"name":"(anonymous_16)","decl":{"start":{"line":119,"column":25},"end":{"line":119,"column":26}},"loc":{"start":{"line":119,"column":32},"end":{"line":150,"column":1}},"line":119},"17":{"name":"(anonymous_17)","decl":{"start":{"line":119,"column":32},"end":{"line":119,"column":33}},"loc":{"start":{"line":119,"column":50},"end":{"line":150,"column":1}},"line":119},"18":{"name":"(anonymous_18)","decl":{"start":{"line":153,"column":26},"end":{"line":153,"column":27}},"loc":{"start":{"line":153,"column":33},"end":{"line":155,"column":1}},"line":153},"19":{"name":"(anonymous_19)","decl":{"start":{"line":157,"column":26},"end":{"line":157,"column":27}},"loc":{"start":{"line":157,"column":61},"end":{"line":163,"column":1}},"line":157},"20":{"name":"(anonymous_20)","decl":{"start":{"line":165,"column":25},"end":{"line":165,"column":26}},"loc":{"start":{"line":165,"column":32},"end":{"line":167,"column":1}},"line":165},"21":{"name":"(anonymous_21)","decl":{"start":{"line":170,"column":26},"end":{"line":170,"column":27}},"loc":{"start":{"line":170,"column":63},"end":{"line":192,"column":1}},"line":170},"22":{"name":"(anonymous_22)","decl":{"start":{"line":170,"column":63},"end":{"line":170,"column":64}},"loc":{"start":{"line":170,"column":81},"end":{"line":192,"column":1}},"line":170},"23":{"name":"(anonymous_23)","decl":{"start":{"line":194,"column":30},"end":{"line":194,"column":31}},"loc":{"start":{"line":194,"column":70},"end":{"line":199,"column":1}},"line":194},"24":{"name":"(anonymous_24)","decl":{"start":{"line":202,"column":24},"end":{"line":202,"column":25}},"loc":{"start":{"line":202,"column":31},"end":{"line":204,"column":1}},"line":202},"25":{"name":"(anonymous_25)","decl":{"start":{"line":206,"column":24},"end":{"line":206,"column":25}},"loc":{"start":{"line":206,"column":40},"end":{"line":210,"column":1}},"line":206},"26":{"name":"(anonymous_26)","decl":{"start":{"line":212,"column":23},"end":{"line":212,"column":24}},"loc":{"start":{"line":212,"column":30},"end":{"line":214,"column":1}},"line":212},"27":{"name":"(anonymous_27)","decl":{"start":{"line":218,"column":24},"end":{"line":218,"column":25}},"loc":{"start":{"line":218,"column":80},"end":{"line":243,"column":1}},"line":218},"28":{"name":"(anonymous_28)","decl":{"start":{"line":218,"column":80},"end":{"line":218,"column":81}},"loc":{"start":{"line":218,"column":98},"end":{"line":243,"column":1}},"line":218}},"branchMap":{"0":{"loc":{"start":{"line":67,"column":8},"end":{"line":69,"column":9}},"type":"if","locations":[{"start":{"line":67,"column":8},"end":{"line":69,"column":9}},{"start":{"line":67,"column":8},"end":{"line":69,"column":9}}],"line":67},"1":{"loc":{"start":{"line":80,"column":8},"end":{"line":82,"column":9}},"type":"if","locations":[{"start":{"line":80,"column":8},"end":{"line":82,"column":9}},{"start":{"line":80,"column":8},"end":{"line":82,"column":9}}],"line":80},"2":{"loc":{"start":{"line":93,"column":8},"end":{"line":95,"column":9}},"type":"if","locations":[{"start":{"line":93,"column":8},"end":{"line":95,"column":9}},{"start":{"line":93,"column":8},"end":{"line":95,"column":9}}],"line":93},"3":{"loc":{"start":{"line":181,"column":8},"end":{"line":183,"column":9}},"type":"if","locations":[{"start":{"line":181,"column":8},"end":{"line":183,"column":9}},{"start":{"line":181,"column":8},"end":{"line":183,"column":9}}],"line":181},"4":{"loc":{"start":{"line":229,"column":8},"end":{"line":231,"column":9}},"type":"if","locations":[{"start":{"line":229,"column":8},"end":{"line":231,"column":9}},{"start":{"line":229,"column":8},"end":{"line":231,"column":9}}],"line":229},"5":{"loc":{"start":{"line":236,"column":8},"end":{"line":238,"column":9}},"type":"if","locations":[{"start":{"line":236,"column":8},"end":{"line":238,"column":9}},{"start":{"line":236,"column":8},"end":{"line":238,"column":9}}],"line":236}},"s":{"0":1,"1":0,"2":1,"3":0,"4":1,"5":0,"6":1,"7":0,"8":0,"9":0,"10":0,"11":0,"12":0,"13":0,"14":1,"15":0,"16":1,"17":0,"18":1,"19":0,"20":1,"21":0,"22":0,"23":0,"24":0,"25":0,"26":0,"27":0,"28":1,"29":0,"30":0,"31":0,"32":0,"33":0,"34":0,"35":0,"36":1,"37":0,"38":0,"39":0,"40":0,"41":0,"42":0,"43":0,"44":1,"45":0,"46":0,"47":0,"48":0,"49":0,"50":0,"51":0,"52":1,"53":0,"54":1,"55":0,"56":1,"57":0,"58":1,"59":0,"60":0,"61":0,"62":0,"63":0,"64":0,"65":0,"66":0,"67":0,"68":0,"69":0,"70":0,"71":1,"72":0,"73":1,"74":0,"75":1,"76":0,"77":1,"78":0,"79":0,"80":0,"81":0,"82":0,"83":0,"84":0,"85":0,"86":0,"87":0,"88":0,"89":0,"90":0,"91":1,"92":0,"93":1,"94":0,"95":1,"96":0,"97":1,"98":0,"99":1,"100":0,"101":0,"102":0,"103":0,"104":0,"105":0,"106":0,"107":0,"108":0,"109":0,"110":0,"111":0,"112":0,"113":0,"114":0},"f":{"0":0,"1":0,"2":0,"3":0,"4":0,"5":0,"6":0,"7":0,"8":0,"9":0,"10":0,"11":0,"12":0,"13":0,"14":0,"15":0,"16":0,"17":0,"18":0,"19":0,"20":0,"21":0,"22":0,"23":0,"24":0,"25":0,"26":0,"27":0,"28":0},"b":{"0":[0,0],"1":[0,0],"2":[0,0],"3":[0,0],"4":[0,0],"5":[0,0]},"_coverageSchema":"332fd63041d2c1bcb487cc26dd0d5f7d97098a6c","hash":"97dcf00085ffa4e8832fb58167948e0b12fc2cea"}
,"C:\\Users\\Adam\\Desktop\\web design\\kudos-app-frontend\\kudos-app-frontend\\actions\\successActions.js": {"path":"C:\\Users\\Adam\\Desktop\\web design\\kudos-app-frontend\\kudos-app-frontend\\actions\\successActions.js","statementMap":{"0":{"start":{"line":3,"column":46},"end":{"line":5,"column":2}},"1":{"start":{"line":3,"column":53},"end":{"line":5,"column":1}},"2":{"start":{"line":7,"column":49},"end":{"line":9,"column":2}},"3":{"start":{"line":7,"column":56},"end":{"line":9,"column":1}},"4":{"start":{"line":11,"column":32},"end":{"line":13,"column":2}},"5":{"start":{"line":11,"column":39},"end":{"line":13,"column":1}}},"fnMap":{"0":{"name":"(anonymous_0)","decl":{"start":{"line":3,"column":46},"end":{"line":3,"column":47}},"loc":{"start":{"line":3,"column":53},"end":{"line":5,"column":1}},"line":3},"1":{"name":"(anonymous_1)","decl":{"start":{"line":7,"column":49},"end":{"line":7,"column":50}},"loc":{"start":{"line":7,"column":56},"end":{"line":9,"column":1}},"line":7},"2":{"name":"(anonymous_2)","decl":{"start":{"line":11,"column":32},"end":{"line":11,"column":33}},"loc":{"start":{"line":11,"column":39},"end":{"line":13,"column":1}},"line":11}},"branchMap":{},"s":{"0":1,"1":0,"2":1,"3":0,"4":1,"5":0},"f":{"0":0,"1":0,"2":0},"b":{},"_coverageSchema":"332fd63041d2c1bcb487cc26dd0d5f7d97098a6c","hash":"a498e5ee2b52910070c30c061333d9dc5a927f6b"}
,"C:\\Users\\Adam\\Desktop\\web design\\kudos-app-frontend\\kudos-app-frontend\\actions\\usersActions.js": {"path":"C:\\Users\\Adam\\Desktop\\web design\\kudos-app-frontend\\kudos-app-frontend\\actions\\usersActions.js","statementMap":{"0":{"start":{"line":5,"column":23},"end":{"line":16,"column":1}},"1":{"start":{"line":6,"column":4},"end":{"line":15,"column":5}},"2":{"start":{"line":7,"column":26},"end":{"line":7,"column":79}},"3":{"start":{"line":8,"column":8},"end":{"line":10,"column":9}},"4":{"start":{"line":9,"column":12},"end":{"line":9,"column":36}},"5":{"start":{"line":11,"column":30},"end":{"line":11,"column":52}},"6":{"start":{"line":12,"column":8},"end":{"line":12,"column":29}},"7":{"start":{"line":14,"column":8},"end":{"line":14,"column":35}},"8":{"start":{"line":18,"column":28},"end":{"line":29,"column":1}},"9":{"start":{"line":19,"column":4},"end":{"line":28,"column":5}},"10":{"start":{"line":20,"column":31},"end":{"line":20,"column":94}},"11":{"start":{"line":21,"column":8},"end":{"line":23,"column":9}},"12":{"start":{"line":22,"column":12},"end":{"line":22,"column":36}},"13":{"start":{"line":24,"column":35},"end":{"line":24,"column":62}},"14":{"start":{"line":25,"column":8},"end":{"line":25,"column":34}},"15":{"start":{"line":27,"column":8},"end":{"line":27,"column":35}},"16":{"start":{"line":31,"column":24},"end":{"line":42,"column":1}},"17":{"start":{"line":32,"column":4},"end":{"line":41,"column":5}},"18":{"start":{"line":33,"column":27},"end":{"line":33,"column":86}},"19":{"start":{"line":34,"column":8},"end":{"line":36,"column":9}},"20":{"start":{"line":35,"column":12},"end":{"line":35,"column":36}},"21":{"start":{"line":37,"column":31},"end":{"line":37,"column":54}},"22":{"start":{"line":38,"column":8},"end":{"line":38,"column":56}},"23":{"start":{"line":40,"column":6},"end":{"line":40,"column":33}},"24":{"start":{"line":44,"column":27},"end":{"line":55,"column":1}},"25":{"start":{"line":45,"column":4},"end":{"line":54,"column":5}},"26":{"start":{"line":46,"column":30},"end":{"line":46,"column":92}},"27":{"start":{"line":47,"column":8},"end":{"line":49,"column":9}},"28":{"start":{"line":48,"column":12},"end":{"line":48,"column":36}},"29":{"start":{"line":50,"column":34},"end":{"line":50,"column":60}},"30":{"start":{"line":51,"column":8},"end":{"line":51,"column":62}},"31":{"start":{"line":53,"column":6},"end":{"line":53,"column":33}},"32":{"start":{"line":57,"column":24},"end":{"line":72,"column":1}},"33":{"start":{"line":58,"column":4},"end":{"line":71,"column":5}},"34":{"start":{"line":59,"column":27},"end":{"line":59,"column":86}},"35":{"start":{"line":60,"column":8},"end":{"line":62,"column":9}},"36":{"start":{"line":61,"column":12},"end":{"line":61,"column":36}},"37":{"start":{"line":63,"column":31},"end":{"line":63,"column":54}},"38":{"start":{"line":64,"column":32},"end":{"line":64,"column":72}},"39":{
[...]
,"C:\\Users\\Adam\\Desktop\\web design\\kudos-app-frontend\\kudos-app-frontend\\components\\SimpleKudosBlock\\index.js": {"path":"C:\\Users\\Adam\\Desktop\\web design\\kudos-app-frontend\\kudos-app-frontend\\components\\SimpleKudosBlock\\index.js","statementMap":{"0":{"start":{"line":5,"column":41},"end":{"line":12,"column":1}},"1":{"start":{"line":6,"column":20},"end":{"line":6,"column":52}},"2":{"start":{"line":7,"column":4},"end":{"line":11,"column":6}},"3":{"start":{"line":14,"column":0},"end":{"line":16,"column":2}},"4":{"start":{"line":18,"column":24},"end":{"line":20,"column":2}},"5":{"start":{"line":18,"column":34},"end":{"line":20,"column":1}}},"fnMap":{"0":{"name":"(anonymous_0)","decl":{"start":{"line":5,"column":41},"end":{"line":5,"column":42}},"loc":{"start":{"line":5,"column":50},"end":{"line":12,"column":1}},"line":5},"1":{"name":"(anonymous_1)","decl":{"start":{"line":18,"column":24},"end":{"line":18,"column":25}},"loc":{"start":{"line":18,"column":34},"end":{"line":20,"column":1}},"line":18}},"branchMap":{},"s":{"0":1,"1":1,"2":1,"3":1,"4":1,"5":0},"f":{"0":1,"1":0},"b":{},"_coverageSchema":"332fd63041d2c1bcb487cc26dd0d5f7d97098a6c","hash":"57e6f0a115ae5cf44bbdc47f1bf48dacce395221"}
,"C:\\Users\\Adam\\Desktop\\web design\\kudos-app-frontend\\kudos-app-frontend\\sum\\sum.js": {"path":"C:\\Users\\Adam\\Desktop\\web design\\kudos-app-frontend\\kudos-app-frontend\\sum\\sum.js","statementMap":{"0":{"start":{"line":2,"column":4},"end":{"line":2,"column":17}}},"fnMap":{"0":{"name":"sum","decl":{"start":{"line":1,"column":9},"end":{"line":1,"column":12}},"loc":{"start":{"line":1,"column":19},"end":{"line":3,"column":1}},"line":1}},"branchMap":{},"s":{"0":1},"f":{"0":1},"b":{},"_coverageSchema":"332fd63041d2c1bcb487cc26dd0d5f7d97098a6c","hash":"a24530e3b757e9957a389789f671496a1f80a710"}
,"C:\\Users\\Adam\\Desktop\\web design\\kudos-app-frontend\\kudos-app-frontend\\utils\\addOrMerge.js": {"path":"C:\\Users\\Adam\\Desktop\\web design\\kudos-app-frontend\\kudos-app-frontend\\utils\\addOrMerge.js","statementMap":{"0":{"start":{"line":32,"column":26},"end":{"line":46,"column":1}},"1":{"start":{"line":33,"column":21},"end":{"line":33,"column":37}},"2":{"start":{"line":34,"column":4},"end":{"line":44,"column":5}},"3":{"start":{"line":35,"column":8},"end":{"line":37,"column":20}},"4":{"start":{"line":39,"column":8},"end":{"line":43,"column":9}},"5":{"start":{"line":40,"column":12},"end":{"line":42,"column":30}},"6":{"start":{"line":45,"column":4},"end":{"line":45,"column":20}}},"fnMap":{"0":{"name":"(anonymous_0)","decl":{"start":{"line":32,"column":26},"end":{"line":32,"column":27}},"loc":{"start":{"line":32,"column":60},"end":{"line":46,"column":1}},"line":32}},"branchMap":{"0":{"loc":{"start":{"line":34,"column":4},"end":{"line":44,"column":5}},"type":"if","locations":[{"start":{"line":34,"column":4},"end":{"line":44,"column":5}},{"start":{"line":34,"column":4},"end":{"line":44,"column":5}}],"line":34},"1":{"loc":{"start":{"line":35,"column":32},"end":{"line":37,"column":19}},"type":"cond-expr","locations":[{"start":{"line":36,"column":8},"end":{"line":36,"column":45}},{"start":{"line":37,"column":8},"end":{"line":37,"column":19}}],"line":35},"2":{"loc":{"start":{"line":40,"column":29},"end":{"line":42,"column":29}},"type":"cond-expr","locations":[{"start":{"line":41,"column":12},"end":{"line":41,"column":48}},{"start":{"line":42,"column":12},"end":{"line":42,"column":29}}],"line":40}},"s":{"0":2,"1":5,"2":5,"3":2,"4":3,"5":5,"6":5},"f":{"0":5},"b":{"0":[2,3],"1":[1,1],"2":[2,3]},"_coverageSchema":"332fd63041d2c1bcb487cc26dd0d5f7d97098a6c","hash":"9ffd81c7293dee009377a9201864d38236928e99"}
,"C:\\Users\\Adam\\Desktop\\web design\\kudos-app-frontend\\kudos-app-frontend\\utils\\cleanseErrorsAndSuccesses.js": {"path":"C:\\Users\\Adam\\Desktop\\web design\\kudos-app-frontend\\kudos-app-frontend\\utils\\cleanseErrorsAndSuccesses.js","statementMap":{"0":{"start":{"line":3,"column":41},"end":{"line":6,"column":1}},"1":{"start":{"line":4,"column":4},"end":{"line":4,"column":36}},"2":{"start":{"line":5,"column":4},"end":{"line":5,"column":39}}},"fnMap":{"0":{"name":"(anonymous_0)","decl":{"start":{"line":3,"column":41},"end":{"line":3,"column":42}},"loc":{"start":{"line":3,"column":52},"end":{"line":6,"column":1}},"line":3}},"branchMap":{},"s":{"0":1,"1":0,"2":0},"f":{"0":0},"b":{},"_coverageSchema":"332fd63041d2c1bcb487cc26dd0d5f7d97098a6c","hash":"85e96e8d24a443c930e98808155b4d49492182c1"}
,"C:\\Users\\Adam\\Desktop\\web design\\kudos-app-frontend\\kudos-app-frontend\\utils\\fetchCurrentUserIfNeeded.js": {"path":"C:\\Users\\Adam\\Desktop\\web design\\kudos-app-frontend\\kudos-app-frontend\\utils\\fetchCurrentUserIfNeeded.js","statementMap":{"0":{"start":{"line":12,"column":40},"end":{"line":18,"column":1}},"1":{"start":{"line":13,"column":46},"end":{"line":13,"column":70}},"2":{"start":{"line":14,"column":4},"end":{"line":16,"column":5}},"3":{"start":{"line":15,"column":8},"end":{"line":15,"column":55}},"4":{"start":{"line":17,"column":4},"end":{"line":17,"column":29}}},"fnMap":{"0":{"name":"(anonymous_0)","decl":{"start":{"line":12,"column":40},"end":{"line":12,"column":41}},"loc":{"start":{"line":12,"column":65},"end":{"line":18,"column":1}},"line":12}},"branchMap":{"0":{"loc":{"start":{"line":14,"column":4},"end":{"line":16,"column":5}},"type":"if","locations":[{"start":{"line":14,"column":4},"end":{"line":16,"column":5}},{"start":{"line":14,"column":4},"end":{"line":16,"column":5}}],"line":14},"1":{"loc":{"start":{"line":14,"column":8},"end":{"line":14,"column":33}},"type":"binary-expr","locations":[{"start":{"line":14,"column":8},"end":{"line":14,"column":18}},{"start":{"line":14,"column":22},"end":{"line":14,"column":33}}],"line":14}},"s":{"0":1,"1":0,"2":0,"3":0,"4":0},"f":{"0":0},"b":{"0":[0,0],"1":[0,0]},"_coverageSchema":"332fd63041d2c1bcb487cc26dd0d5f7d97098a6c","hash":"74ce288e9073b81aacc2a1b5681c9adfc68c869e"}
,"C:\\Users\\Adam\\Desktop\\web design\\kudos-app-frontend\\kudos-app-frontend\\utils\\fetchPostIfNeeded.js": {"path":"C:\\Users\\Adam\\Desktop\\web design\\kudos-app-frontend\\kudos-app-frontend\\utils\\fetchPostIfNeeded.js","statementMap":{"0":{"start":{"line":3,"column":33},"end":{"line":9,"column":1}},"1":{"start":{"line":4,"column":17},"end":{"line":4,"column":51}},"2":{"start":{"line":5,"column":4},"end":{"line":7,"column":5}},"3":{"start":{"line":6,"column":8},"end":{"line":6,"column":50}},"4":{"start":{"line":8,"column":4},"end":{"line":8,"column":29}}},"fnMap":{"0":{"name":"(anonymous_0)","decl":{"start":{"line":3,"column":33},"end":{"line":3,"column":34}},"loc":{"start":{"line":3,"column":67},"end":{"line":9,"column":1}},"line":3}},"branchMap":{"0":{"loc":{"start":{"line":5,"column":4},"end":{"line":7,"column":5}},"type":"if","locations":[{"start":{"line":5,"column":4},"end":{"line":7,"column":5}},{"start":{"line":5,"column":4},"end":{"line":7,"column":5}}],"line":5},"1":{"loc":{"start":{"line":5,"column":8},"end":{"line":5,"column":73}},"type":"binary-expr","locations":[{"start":{"line":5,"column":8},"end":{"line":5,"column":13}},{"start":{"line":5,"column":17},"end":{"line":5,"column":33}},{"start":{"line":5,"column":37},"end":{"line":5,"column":73}}],"line":5}},"s":{"0":1,"1":0,"2":0,"3":0,"4":0},"f":{"0":0},"b":{"0":[0,0],"1":[0,0,0]},"_coverageSchema":"332fd63041d2c1bcb487cc26dd0d5f7d97098a6c","hash":"0d57c78d35d8720e2cf39dd38896ce8895e73a1d"}
,"C:\\Users\\Adam\\Desktop\\web design\\kudos-app-frontend\\kudos-app-frontend\\utils\\fetchPostsIfNeeded.js": {"path":"C:\\Users\\Adam\\Desktop\\web design\\kudos-app-frontend\\kudos-app-frontend\\utils\\fetchPostsIfNeeded.js","statementMap":{"0":{"start":{"line":3,"column":34},"end":{"line":12,"column":1}},"1":{"start":{"line":4,"column":26},"end":{"line":4,"column":63}},"2":{"start":{"line":5,"column":4},"end":{"line":10,"column":5}},"3":{"start":{"line":6,"column":8},"end":{"line":8,"column":9}},"4":{"start":{"line":7,"column":12},"end":{"line":7,"column":48}},"5":{"start":{"line":9,"column":8},"end":{"line":9,"column":66}},"6":{"start":{"line":11,"column":4},"end":{"line":11,"column":29}}},"fnMap":{"0":{"name":"(anonymous_0)","decl":{"start":{"line":3,"column":34},"end":{"line":3,"column":35}},"loc":{"start":{"line":3,"column":73},"end":{"line":12,"column":1}},"line":3}},"branchMap":{"0":{"loc":{"start":{"line":5,"column":4},"end":{"line":10,"column":5}},"type":"if","locations":[{"start":{"line":5,"column":4},"end":{"line":10,"column":5}},{"start":{"line":5,"column":4},"end":{"line":10,"column":5}}],"line":5},"1":{"loc":{"start":{"line":5,"column":8},"end":{"line":5,"column":90}},"type":"binary-expr","locations":[{"start":{"line":5,"column":9},"end":{"line":5,"column":27}},{"start":{"line":5,"column":31},"end":{"line":5,"column":54}},{"start":{"line":5,"column":59},"end":{"line":5,"column":90}}],"line":5},"2":{"loc":{"start":{"line":6,"column":8},"end":{"line":8,"column":9}},"type":"if","locations":[{"start":{"line":6,"column":8},"end":{"line":8,"column":9}},{"start":{"line":6,"column":8},"end":{"line":8,"column":9}}],"line":6}},"s":{"0":1,"1":0,"2":0,"3":0,"4":0,"5":0,"6":0},"f":{"0":0},"b":{"0":[0,0],"1":[0,0,0],"2":[0,0]},"_coverageSchema":"332fd63041d2c1bcb487cc26dd0d5f7d97098a6c","hash":"b8d12e362a07871a8d3b9c22ea16a1fb6972ce63"}
,"C:\\Users\\Adam\\Desktop\\web design\\kudos-app-frontend\\kudos-app-frontend\\utils\\fetchUserIfNeeded.js": {"path":"C:\\Users\\Adam\\Desktop\\web design\\kudos-app-frontend\\kudos-app-frontend\\utils\\fetchUserIfNeeded.js","statementMap":{"0":{"start":{"line":3,"column":33},"end":{"line":9,"column":1}},"1":{"start":{"line":4,"column":17},"end":{"line":4,"column":51}},"2":{"start":{"line":5,"column":4},"end":{"line":7,"column":5}},"3":{"start":{"line":6,"column":8},"end":{"line":6,"column":50}},"4":{"start":{"line":8,"column":4},"end":{"line":8,"column":29}}},"fnMap":{"0":{"name":"(anonymous_0)","decl":{"start":{"line":3,"column":33},"end":{"line":3,"column":34}},"loc":{"start":{"line":3,"column":67},"end":{"line":9,"column":1}},"line":3}},"branchMap":{"0":{"loc":{"start":{"line":5,"column":4},"end":{"line":7,"column":5}},"type":"if","locations":[{"start":{"line":5,"column":4},"end":{"line":7,"column":5}},{"start":{"line":5,"column":4},"end":{"line":7,"column":5}}],"line":5},"1":{"loc":{"start":{"line":5,"column":8},"end":{"line":5,"column":76}},"type":"binary-expr","locations":[{"start":{"line":5,"column":8},"end":{"line":5,"column":13}},{"start":{"line":5,"column":17},"end":{"line":5,"column":36}},{"start":{"line":5,"column":40},"end":{"line":5,"column":76}}],"line":5}},"s":{"0":1,"1":0,"2":0,"3":0,"4":0},"f":{"0":0},"b":{"0":[0,0],"1":[0,0,0]},"_coverageSchema":"332fd63041d2c1bcb487cc26dd0d5f7d97098a6c","hash":"0779b9caf9fcd1e6424fad272094e68013134e62"}
,"C:\\Users\\Adam\\Desktop\\web design\\kudos-app-frontend\\kudos-app-frontend\\utils\\handleNormalize.js": {"path":"C:\\Users\\Adam\\Desktop\\web design\\kudos-app-frontend\\kudos-app-frontend\\utils\\handleNormalize.js","statementMap":{"0":{"start":{"line":18,"column":27},"end":{"line":21,"column":2}},"1":{"start":{"line":18,"column":39},"end":{"line":21,"column":1}},"2":{"start":{"line":25,"column":13},"end":{"line":25,"column":65}},"3":{"start":{"line":26,"column":13},"end":{"line":26,"column":77}},"4":{"start":{"line":27,"column":16},"end":{"line":27,"column":120}},"5":{"start":{"line":28,"column":15},"end":{"line":28,"column":77}},"6":{"start":{"line":29,"column":18},"end":{"line":29,"column":97}},"7":{"start":{"line":30,"column":14},"end":{"line":30,"column":22}},"8":{"start":{"line":31,"column":17},"end":{"line":31,"column":28}},"9":{"start":{"line":32,"column":14},"end":{"line":32,"column":24}},"10":{"start":{"line":33,"column":19},"end":{"line":33,"column":32}},"11":{"start":{"line":34,"column":14},"end":{"line":34,"column":22}},"12":{"start":{"line":36,"column":20},"end":{"line":43,"column":1}},"13":{"start":{"line":45,"column":31},"end":{"line":55,"column":1}},"14":{"start":{"line":46,"column":4},"end":{"line":49,"column":5}},"15":{"start":{"line":47,"column":8},"end":{"line":47,"column":124}},"16":{"start":{"line":48,"column":8},"end":{"line":48,"column":15}},"17":{"start":{"line":50,"column":4},"end":{"line":53,"column":5}},"18":{"start":{"line":51,"column":8},"end":{"line":51,"column":104}},"19":{"start":{"line":52,"column":8},"end":{"line":52,"column":15}},"20":{"start":{"line":54,"column":4},"end":{"line":54,"column":53}}},"fnMap":{"0":{"name":"(anonymous_0)","decl":{"start":{"line":18,"column":27},"end":{"line":18,"column":28}},"loc":{"start":{"line":18,"column":39},"end":{"line":21,"column":1}},"line":18},"1":{"name":"(anonymous_1)","decl":{"start":{"line":45,"column":31},"end":{"line":45,"column":32}},"loc":{"start":{"line":45,"column":55},"end":{"line":55,"column":1}},"line":45}},"branchMap":{"0":{"loc":{"start":{"line":46,"column":4},"end":{"line":49,"column":5}},"type":"if","locations":[{"start":{"line":46,"column":4},"end":{"line":49,"column":5}},{"start":{"line":46,"column":4},"end":{"line":49,"column":5}}],"line":46},"1":{"loc":{"start":{"line":46,"column":8},"end":{"line":46,"column":30}},"type":"binary-expr","locations":[{"start":{"line":46,"column":8},"end":{"line":46,"column":13}},{"start":{"line":46,"column":17},"end":{"line":46,"column":30}}],"line":46},"2":{"loc":{"start":{"line":50,"column":4},"end":{"line":53,"column":5}},"type":"if","locations":[{"start":{"line":50,"column":4},"end":{"line":53,"column":5}},{"start":{"line":50,"column":4},"end":{"line":53,"column":5}}],"line":50}},"s":{"0":2,"1":0,"2":2,"3":2,"4":2,"5":2,"6":2,"7":2,"8":2,"9":2,"10":2,"11":2,"12":2,"13":2,"14":3,"15":1,"16":0,"17":2,"18":1,"19":0,"20":1},"f":{"0":0,"1":3},"b":{"0":[1,2],"1":[3,3],"2":[1,1]},"_coverageSchema":"332fd63041d2c1bcb487cc26dd0d5f7d97098a6c","hash":"0a495f3e05e7625bb56eed734a806ca762868209"}
,"C:\\Users\\Adam\\Desktop\\web design\\kudos-app-frontend\\kudos-app-frontend\\utils\\index.js": {"path":"C:\\Users\\Adam\\Desktop\\web design\\kudos-app-frontend\\kudos-app-frontend\\utils\\index.js","statementMap":{},"fnMap":{},"branchMap":{},"s":{},"f":{},"b":{},"_coverageSchema":"332fd63041d2c1bcb487cc26dd0d5f7d97098a6c","hash":"438c756a54eb47e65843040b5c7055151dd444c8"}
,"C:\\Users\\Adam\\Desktop\\web design\\kudos-app-frontend\\kudos-app-frontend\\utils\\mergeAndDedupArrays.js": {"path":"C:\\Users\\Adam\\Desktop\\web design\\kudos-app-frontend\\kudos-app-frontend\\utils\\mergeAndDedupArrays.js","statementMap":{"0":{"start":{"line":15,"column":35},"end":{"line":15,"column":106}},"1":{"start":{"line":15,"column":59},"end":{"line":15,"column":106}}},"fnMap":{"0":{"name":"(anonymous_0)","decl":{"start":{"line":15,"column":35},"end":{"line":15,"column":36}},"loc":{"start":{"line":15,"column":59},"end":{"line":15,"column":106}},"line":15}},"branchMap":{},"s":{"0":2,"1":3},"f":{"0":3},"b":{},"_coverageSchema":"332fd63041d2c1bcb487cc26dd0d5f7d97098a6c","hash":"45416d242791cd71b5527985c10e233c067f9ba8"}
,"C:\\Users\\Adam\\Desktop\\web design\\kudos-app-frontend\\kudos-app-frontend\\utils\\objectToArray.js": {"path":"C:\\Users\\Adam\\Desktop\\web design\\kudos-app-frontend\\kudos-app-frontend\\utils\\objectToArray.js","statementMap":{"0":{"start":{"line":5,"column":29},"end":{"line":11,"column":1}},"1":{"start":{"line":6,"column":16},"end":{"line":6,"column":18}},"2":{"start":{"line":7,"column":4},"end":{"line":9,"column":5}},"3":{"start":{"line":8,"column":8},"end":{"line":8,"column":28}},"4":{"start":{"line":10,"column":4},"end":{"line":10,"column":15}}},"fnMap":{"0":{"name":"(anonymous_0)","decl":{"start":{"line":5,"column":29},"end":{"line":5,"column":30}},"loc":{"start":{"line":5,"column":36},"end":{"line":11,"column":1}},"line":5}},"branchMap":{},"s":{"0":2,"1":1,"2":1,"3":3,"4":1},"f":{"0":1},"b":{},"_coverageSchema":"332fd63041d2c1bcb487cc26dd0d5f7d97098a6c","hash":"911c11b90006b5325ab0a73c6b0fde22327acc7d"}
,"C:\\Users\\Adam\\Desktop\\web design\\kudos-app-frontend\\kudos-app-frontend\\utils\\sortComments.js": {"path":"C:\\Users\\Adam\\Desktop\\web design\\kudos-app-frontend\\kudos-app-frontend\\utils\\sortComments.js","statementMap":{"0":{"start":{"line":16,"column":28},"end":{"line":48,"column":1}},"1":{"start":{"line":17,"column":17},"end":{"line":17,"column":19}},"2":{"start":{"line":20,"column":24},"end":{"line":27,"column":6}},"3":{"start":{"line":21,"column":8},"end":{"line":25,"column":9}},"4":{"start":{"line":22,"column":12},"end":{"line":22,"column":22}},"5":{"start":{"line":23,"column":15},"end":{"line":25,"column":9}},"6":{"start":{"line":24,"column":12},"end":{"line":24,"column":21}},"7":{"start":{"line":26,"column":8},"end":{"line":26,"column":61}},"8":{"start":{"line":34,"column":4},"end":{"line":46,"column":7}},"9":{"start":{"line":35,"column":8},"end":{"line":38,"column":9}},"10":{"start":{"line":36,"column":12},"end":{"line":36,"column":36}},"11":{"start":{"line":37,"column":12},"end":{"line":37,"column":19}},"12":{"start":{"line":39,"column":26},"end":{"line":39,"column":67}},"13":{"start":{"line":40,"column":28},"end":{"line":40,"column":94}},"14":{"start":{"line":40,"column":62},"end":{"line":40,"column":93}},"15":{"start":{"line":41,"column":8},"end":{"line":45,"column":10}},"16":{"start":{"line":47,"column":4},"end":{"line":47,"column":58}},"17":{"start":{"line":47,"column":39},"end":{"line":47,"column":56}}},"fnMap":{"0":{"name":"(anonymous_0)","decl":{"start":{"line":16,"column":28},"end":{"line":16,"column":29}},"loc":{"start":{"line":16,"column":42},"end":{"line":48,"column":1}},"line":16},"1":{"name":"(anonymous_1)","decl":{"start":{"line":20,"column":45},"end":{"line":20,"column":46}},"loc":{"start":{"line":20,"column":54},"end":{"line":27,"column":5}},"line":20},"2":{"name":"(anonymous_2)","decl":{"start":{"line":34,"column":24},"end":{"line":34,"column":25}},"loc":{"start":{"line":34,"column":35},"end":{"line":46,"column":5}},"line":34},"3":{"name":"(anonymous_3)","decl":{"start":{"line":40,"column":45},"end":{"line":40,"column":46}},"loc":{"start":{"line":40,"column":62},"end":{"line":40,"column":93}},"line":40},"4":{"name":"(anonymous_4)","decl":{"start":{"line":47,"column":22},"end":{"line":47,"column":23}},"loc":{"start":{"line":47,"column":39},"end":{"line":47,"column":56}},"line":47}},"branchMap":{"0":{"loc":{"start":{"line":21,"column":8},"end":{"line":25,"column":9}},"type":"if","locations":[{"start":{"line":21,"column":8},"end":{"line":25,"column":9}},{"start":{"line":21,"column":8},"end":{"line":25,"column":9}}],"line":21},"1":{"loc":{"start":{"line":23,"column":15},"end":{"line":25,"column":9}},"type":"if","locations":[{"start":{"line":23,"column":15},"end":{"line":25,"column":9}},{"start":{"line":23,"column":15},"end":{"line":25,"column":9}}],"line":23},"2":{"loc":{"start":{"line":35,"column":8},"end":{"line":38,"column":9}},"type":"if","locations":[{"start":{"line":35,"column":8},"end":{"line":38,"column":9}},{"start":{"line":35,"column":8},"end":{"line":38,"column":9}}],"line":35}},"s":{"0":2,"1":1,"2":1,"3":9,"4":3,"5":6,"6":3,"7":3,"8":1,"9":6,"10":2,"11":2,"12":4,"13":4,"14":9,"15":4,"16":1,"17":6},"f":{"0":1,"1":9,"2":6,"3":9,"4":6},"b":{"0":[3,6],"1":[3,3],"2":[2,4]},"_coverageSchema":"332fd63041d2c1bcb487cc26dd0d5f7d97098a6c","hash":"2549e9db247437925047ab2fe7cdbb497bdc6ef6"}
}
