TN:
SF:C:\Users\Adam\Desktop\web design\kudos-app-frontend\kudos-app-frontend\actionTypes\index.js
FNF:0
FNH:0
DA:1,1
DA:2,1
DA:3,1
DA:5,1
DA:6,1
DA:7,1
DA:9,1
DA:10,1
DA:11,1
DA:13,1
DA:14,1
DA:15,1
DA:17,1
DA:18,1
DA:19,1
DA:21,1
DA:22,1
DA:23,1
DA:25,1
DA:27,1
DA:28,1
DA:29,1
DA:31,1
DA:32,1
DA:33,1
DA:35,1
DA:36,1
DA:37,1
DA:39,1
DA:40,1
DA:41,1
DA:43,1
DA:44,1
DA:45,1
DA:47,1
DA:48,1
DA:49,1
DA:51,1
DA:52,1
DA:53,1
DA:55,1
DA:56,1
DA:57,1
DA:59,1
DA:60,1
DA:61,1
DA:63,1
DA:64,1
DA:65,1
DA:67,1
DA:68,1
DA:69,1
DA:71,1
DA:72,1
DA:73,1
DA:75,1
DA:76,1
DA:77,1
DA:79,1
DA:80,1
DA:81,1
DA:83,1
DA:84,1
DA:85,1
DA:87,1
DA:88,1
DA:89,1
DA:91,1
DA:92,1
DA:93,1
DA:95,1
DA:102,1
DA:104,1
DA:105,1
DA:111,1
DA:113,1
DA:114,1
LF:77
LH:77
BRF:0
BRH:0
end_of_record
TN:
SF:C:\Users\Adam\Desktop\web design\kudos-app-frontend\kudos-app-frontend\actions\authActions.js
FN:8,(anonymous_0)
FN:12,(anonymous_1)
FN:17,(anonymous_2)
FN:23,(anonymous_3)
FN:47,(anonymous_4)
FN:47,(anonymous_5)
FN:60,(anonymous_6)
FN:64,(anonymous_7)
FN:64,(anonymous_8)
FN:69,(anonymous_9)
FN:73,(anonymous_10)
FN:78,(anonymous_11)
FN:83,(anonymous_12)
FN:108,(anonymous_13)
FN:108,(anonymous_14)
FN:123,(anonymous_15)
FN:127,(anonymous_16)
FN:131,(anonymous_17)
FN:141,(anonymous_18)
FN:141,(anonymous_19)
FN:171,(anonymous_20)
FN:175,(anonymous_21)
FN:179,(anonymous_22)
FN:187,(anonymous_23)
FN:187,(anonymous_24)
FNF:25
FNH:0
FNDA:0,(anonymous_0)
FNDA:0,(anonymous_1)
FNDA:0,(anonymous_2)
FNDA:0,(anonymous_3)
FNDA:0,(anonymous_4)
FNDA:0,(anonymous_5)
FNDA:0,(anonymous_6)
FNDA:0,(anonymous_7)
FNDA:0,(anonymous_8)
FNDA:0,(anonymous_9)
FNDA:0,(anonymous_10)
FNDA:0,(anonymous_11)
FNDA:0,(anonymous_12)
FNDA:0,(anonymous_13)
FNDA:0,(anonymous_14)
FNDA:0,(anonymous_15)
FNDA:0,(anonymous_16)
FNDA:0,(anonymous_17)
FNDA:0,(anonymous_18)
FNDA:0,(anonymous_19)
FNDA:0,(anonymous_20)
FNDA:0,(anonymous_21)
FNDA:0,(anonymous_22)
FNDA:0,(anonymous_23)
FNDA:0,(anonymous_24)
DA:8,1
DA:12,1
DA:17,1
DA:23,1
DA:24,0
DA:34,0
DA:35,0
DA:36,0
DA:37,0
DA:38,0
DA:40,0
DA:41,0
DA:43,0
DA:47,1
DA:48,0
DA:49,0
DA:50,0
DA:51,0
DA:52,0
DA:53,0
DA:54,0
DA:56,0
DA:60,1
DA:64,1
DA:65,0
DA:66,0
DA:69,1
DA:73,1
DA:78,1
DA:83,1
DA:84,0
DA:95,0
DA:96,0
DA:97,0
DA:98,0
DA:99,0
DA:101,0
DA:102,0
DA:104,0
DA:108,1
DA:109,0
DA:110,0
DA:111,0
DA:112,0
DA:113,0
DA:114,0
DA:115,0
DA:117,0
DA:118,0
DA:123,1
DA:127,1
DA:131,1
DA:141,1
DA:142,0
DA:143,0
DA:152,0
DA:153,0
DA:154,0
DA:155,0
DA:156,0
DA:157,0
DA:158,0
DA:159,0
DA:161,0
DA:163,0
DA:164,0
DA:166,0
DA:171,1
DA:175,1
DA:179,1
DA:187,1
DA:188,0
DA:189,0
DA:198,0
DA:199,0
DA:200,0
DA:201,0
DA:202,0
DA:203,0
DA:205,0
DA:207,0
LF:81
LH:20
BRDA:36,0,0,0
BRDA:36,0,1,0
BRDA:97,1,0,0
BRDA:97,1,1,0
BRDA:154,2,0,0
BRDA:154,2,1,0
BRDA:158,3,0,0
BRDA:158,3,1,0
BRDA:200,4,0,0
BRDA:200,4,1,0
BRF:10
BRH:0
end_of_record
TN:
SF:C:\Users\Adam\Desktop\web design\kudos-app-frontend\kudos-app-frontend\actions\commentActions.js
FN:5,(anonymous_0)
FN:9,(anonymous_1)
FN:18,(anonymous_2)
FN:22,(anonymous_3)
FN:22,(anonymous_4)
FN:47,(anonymous_5)
FN:64,(anonymous_6)
FN:68,(anonymous_7)
FN:77,(anonymous_8)
FN:81,(anonymous_9)
FN:81,(anonymous_10)
FN:105,(anonymous_11)
FN:122,(anonymous_12)
FN:126,(anonymous_13)
FN:133,(anonymous_14)
FN:137,(anonymous_15)
FN:137,(anonymous_16)
FN:157,(anonymous_17)
FN:161,(anonymous_18)
FN:167,(anonymous_19)
FN:171,(anonymous_20)
FN:171,(anonymous_21)
FNF:22
FNH:0
FNDA:0,(anonymous_0)
FNDA:0,(anonymous_1)
FNDA:0,(anonymous_2)
FNDA:0,(anonymous_3)
FNDA:0,(anonymous_4)
FNDA:0,(anonymous_5)
FNDA:0,(anonymous_6)
FNDA:0,(anonymous_7)
FNDA:0,(anonymous_8)
FNDA:0,(anonymous_9)
FNDA:0,(anonymous_10)
FNDA:0,(anonymous_11)
FNDA:0,(anonymous_12)
FNDA:0,(anonymous_13)
FNDA:0,(anonymous_14)
FNDA:0,(anonymous_15)
FNDA:0,(anonymous_16)
FNDA:0,(anonymous_17)
FNDA:0,(anonymous_18)
FNDA:0,(anonymous_19)
FNDA:0,(anonymous_20)
FNDA:0,(anonymous_21)
DA:5,1
DA:9,1
DA:18,1
DA:22,1
DA:23,0
DA:24,0
DA:25,0
DA:35,0
DA:36,0
DA:37,0
DA:38,0
DA:40,0
DA:44,0
DA:45,0
DA:46,0
DA:47,0
DA:48,0
DA:50,0
DA:52,0
DA:60,0
DA:64,1
DA:68,1
DA:77,1
DA:81,1
DA:82,0
DA:83,0
DA:84,0
DA:94,0
DA:95,0
DA:96,0
DA:97,0
DA:99,0
DA:100,0
DA:103,0
DA:104,0
DA:105,0
DA:106,0
DA:108,0
DA:110,0
DA:118,0
DA:122,1
DA:126,1
DA:133,1
DA:137,1
DA:138,0
DA:139,0
DA:145,0
DA:146,0
DA:147,0
DA:148,0
DA:150,0
DA:151,0
DA:153,0
DA:157,1
DA:161,1
DA:167,1
DA:171,1
DA:172,0
DA:173,0
DA:174,0
DA:184,0
DA:185,0
DA:186,0
DA:187,0
DA:189,0
DA:190,0
DA:191,0
DA:192,0
DA:194,0
LF:69
LH:16
BRDA:37,0,0,0
BRDA:37,0,1,0
BRDA:96,1,0,0
BRDA:96,1,1,0
BRDA:147,2,0,0
BRDA:147,2,1,0
BRDA:186,3,0,0
BRDA:186,3,1,0
BRF:8
BRH:0
end_of_record
TN:
SF:C:\Users\Adam\Desktop\web design\kudos-app-frontend\kudos-app-frontend\actions\currentUserActions.js
FN:5,(anonymous_0)
FN:9,(anonymous_1)
FN:22,(anonymous_2)
FN:27,(anonymous_3)
FN:40,(anonymous_4)
FN:53,(anonymous_5)
FN:61,(anonymous_6)
FN:70,(anonymous_7)
FN:83,(anonymous_8)
FN:83,(anonymous_9)
FN:136,(anonymous_10)
FN:141,(anonymous_11)
FN:146,(anonymous_12)
FN:152,(anonymous_13)
FN:152,(anonymous_14)
FN:173,(anonymous_15)
FN:178,(anonymous_16)
FN:183,(anonymous_17)
FN:188,(anonymous_18)
FN:188,(anonymous_19)
FN:209,(anonymous_20)
FN:214,(anonymous_21)
FN:220,(anonymous_22)
FN:225,(anonymous_23)
FN:225,(anonymous_24)
FN:245,(anonymous_25)
FN:250,(anonymous_26)
FN:256,(anonymous_27)
FN:261,(anonymous_28)
FN:261,(anonymous_29)
FN:280,(anonymous_30)
FN:284,(anonymous_31)
FN:293,(anonymous_32)
FN:297,(anonymous_33)
FN:297,(anonymous_34)
FN:326,(anonymous_35)
FN:330,(anonymous_36)
FN:336,(anonymous_37)
FN:340,(anonymous_38)
FN:340,(anonymous_39)
FN:362,(anonymous_40)
FN:366,(anonymous_41)
FN:370,(anonymous_42)
FN:374,(anonymous_43)
FN:374,(anonymous_44)
FNF:45
FNH:0
FNDA:0,(anonymous_0)
FNDA:0,(anonymous_1)
FNDA:0,(anonymous_2)
FNDA:0,(anonymous_3)
FNDA:0,(anonymous_4)
FNDA:0,(anonymous_5)
FNDA:0,(anonymous_6)
FNDA:0,(anonymous_7)
FNDA:0,(anonymous_8)
FNDA:0,(anonymous_9)
FNDA:0,(anonymous_10)
FNDA:0,(anonymous_11)
FNDA:0,(anonymous_12)
FNDA:0,(anonymous_13)
FNDA:0,(anonymous_14)
FNDA:0,(anonymous_15)
FNDA:0,(anonymous_16)
FNDA:0,(anonymous_17)
FNDA:0,(anonymous_18)
FNDA:0,(anonymous_19)
FNDA:0,(anonymous_20)
FNDA:0,(anonymous_21)
FNDA:0,(anonymous_22)
FNDA:0,(anonymous_23)
FNDA:0,(anonymous_24)
FNDA:0,(anonymous_25)
FNDA:0,(anonymous_26)
FNDA:0,(anonymous_27)
FNDA:0,(anonymous_28)
FNDA:0,(anonymous_29)
FNDA:0,(anonymous_30)
FNDA:0,(anonymous_31)
FNDA:0,(anonymous_32)
FNDA:0,(anonymous_33)
FNDA:0,(anonymous_34)
FNDA:0,(anonymous_35)
FNDA:0,(anonymous_36)
FNDA:0,(anonymous_37)
FNDA:0,(anonymous_38)
FNDA:0,(anonymous_39)
FNDA:0,(anonymous_40)
FNDA:0,(anonymous_41)
FNDA:0,(anonymous_42)
FNDA:0,(anonymous_43)
FNDA:0,(anonymous_44)
DA:5,1
DA:9,1
DA:22,1
DA:27,1
DA:28,0
DA:29,0
DA:30,0
DA:31,0
DA:33,0
DA:34,0
DA:36,0
DA:40,1
DA:41,0
DA:42,0
DA:43,0
DA:44,0
DA:46,0
DA:47,0
DA:49,0
DA:53,1
DA:54,0
DA:55,0
DA:56,0
DA:57,0
DA:59,0
DA:60,0
DA:61,0
DA:62,0
DA:64,0
DA:66,0
DA:70,1
DA:71,0
DA:72,0
DA:73,0
DA:74,0
DA:76,0
DA:77,0
DA:79,0
DA:83,1
DA:84,0
DA:85,0
DA:90,0
DA:91,0
DA:92,0
DA:93,0
DA:94,0
DA:96,0
DA:97,0
DA:98,0
DA:99,0
DA:101,0
DA:106,0
DA:107,0
DA:108,0
DA:113,0
DA:117,0
DA:120,0
DA:122,0
DA:132,0
DA:136,1
DA:141,1
DA:146,1
DA:152,1
DA:153,0
DA:154,0
DA:160,0
DA:161,0
DA:162,0
DA:163,0
DA:165,0
DA:168,0
DA:173,1
DA:178,1
DA:183,1
DA:188,1
DA:189,0
DA:190,0
DA:196,0
DA:197,0
DA:198,0
DA:199,0
DA:201,0
DA:203,0
DA:209,1
DA:214,1
DA:220,1
DA:225,1
DA:226,0
DA:227,0
DA:233,0
DA:234,0
DA:235,0
DA:236,0
DA:238,0
DA:240,0
DA:245,1
DA:250,1
DA:256,1
DA:261,1
DA:262,0
DA:263,0
DA:269,0
DA:270,0
DA:271,0
DA:272,0
DA:274,0
DA:276,0
DA:280,1
DA:284,1
DA:293,1
DA:297,1
DA:298,0
DA:299,0
DA:311,0
DA:312,0
DA:313,0
DA:314,0
DA:316,0
DA:317,0
DA:318,0
DA:319,0
DA:320,0
DA:322,0
DA:326,1
DA:330,1
DA:336,1
DA:340,1
DA:341,0
DA:342,0
DA:349,0
DA:350,0
DA:351,0
DA:352,0
DA:354,0
DA:355,0
DA:357,0
DA:362,1
DA:366,1
DA:370,1
DA:374,1
DA:375,0
DA:376,0
DA:387,0
DA:388,0
DA:389,0
DA:390,0
DA:392,0
DA:394,0
DA:395,0
LF:149
LH:36
BRDA:30,0,0,0
BRDA:30,0,1,0
BRDA:43,1,0,0
BRDA:43,1,1,0
BRDA:56,2,0,0
BRDA:56,2,1,0
BRDA:73,3,0,0
BRDA:73,3,1,0
BRDA:162,4,0,0
BRDA:162,4,1,0
BRDA:198,5,0,0
BRDA:198,5,1,0
BRDA:235,6,0,0
BRDA:235,6,1,0
BRDA:271,7,0,0
BRDA:271,7,1,0
BRDA:313,8,0,0
BRDA:313,8,1,0
BRDA:351,9,0,0
BRDA:351,9,1,0
BRDA:389,10,0,0
BRDA:389,10,1,0
BRF:22
BRH:0
end_of_record
TN:
SF:C:\Users\Adam\Desktop\web design\kudos-app-frontend\kudos-app-frontend\actions\errorActions.js
FN:3,(anonymous_0)
FN:7,(anonymous_1)
FN:11,(anonymous_2)
FNF:3
FNH:0
FNDA:0,(anonymous_0)
FNDA:0,(anonymous_1)
FNDA:0,(anonymous_2)
DA:3,1
DA:7,1
DA:11,1
LF:3
LH:3
BRF:0
BRH:0
end_of_record
TN:
SF:C:\Users\Adam\Desktop\web design\kudos-app-frontend\kudos-app-frontend\actions\index.js
FNF:0
FNH:0
LF:0
LH:0
BRF:0
BRH:0
end_of_record
TN:
SF:C:\Users\Adam\Desktop\web design\kudos-app-frontend\kudos-app-frontend\actions\postsActions.js
FN:6,(anonymous_0)
FN:10,(anonymous_1)
FN:16,(anonymous_2)
FN:23,(anonymous_3)
FN:23,(anonymous_4)
FN:36,(anonymous_5)
FN:40,(anonymous_6)
FN:47,(anonymous_7)
FN:51,(anonymous_8)
FN:51,(anonymous_9)
FN:64,(anonymous_10)
FN:77,(anonymous_11)
FN:90,(anonymous_12)
FN:104,(anonymous_13)
FN:108,(anonymous_14)
FN:114,(anonymous_15)
FN:119,(anonymous_16)
FN:119,(anonymous_17)
FN:153,(anonymous_18)
FN:157,(anonymous_19)
FN:165,(anonymous_20)
FN:170,(anonymous_21)
FN:170,(anonymous_22)
FN:194,(anonymous_23)
FN:202,(anonymous_24)
FN:206,(anonymous_25)
FN:212,(anonymous_26)
FN:218,(anonymous_27)
FN:218,(anonymous_28)
FNF:29
FNH:0
FNDA:0,(anonymous_0)
FNDA:0,(anonymous_1)
FNDA:0,(anonymous_2)
FNDA:0,(anonymous_3)
FNDA:0,(anonymous_4)
FNDA:0,(anonymous_5)
FNDA:0,(anonymous_6)
FNDA:0,(anonymous_7)
FNDA:0,(anonymous_8)
FNDA:0,(anonymous_9)
FNDA:0,(anonymous_10)
FNDA:0,(anonymous_11)
FNDA:0,(anonymous_12)
FNDA:0,(anonymous_13)
FNDA:0,(anonymous_14)
FNDA:0,(anonymous_15)
FNDA:0,(anonymous_16)
FNDA:0,(anonymous_17)
FNDA:0,(anonymous_18)
FNDA:0,(anonymous_19)
FNDA:0,(anonymous_20)
FNDA:0,(anonymous_21)
FNDA:0,(anonymous_22)
FNDA:0,(anonymous_23)
FNDA:0,(anonymous_24)
FNDA:0,(anonymous_25)
FNDA:0,(anonymous_26)
FNDA:0,(anonymous_27)
FNDA:0,(anonymous_28)
DA:6,1
DA:10,1
DA:16,1
DA:23,1
DA:24,0
DA:25,0
DA:26,0
DA:27,0
DA:28,0
DA:32,0
DA:36,1
DA:40,1
DA:47,1
DA:51,1
DA:52,0
DA:53,0
DA:54,0
DA:55,0
DA:56,0
DA:60,0
DA:64,1
DA:65,0
DA:66,0
DA:67,0
DA:68,0
DA:70,0
DA:71,0
DA:73,0
DA:77,1
DA:78,0
DA:79,0
DA:80,0
DA:81,0
DA:83,0
DA:84,0
DA:86,0
DA:90,1
DA:91,0
DA:92,0
DA:93,0
DA:94,0
DA:96,0
DA:97,0
DA:99,0
DA:104,1
DA:108,1
DA:114,1
DA:119,1
DA:120,0
DA:121,0
DA:122,0
DA:123,0
DA:124,0
DA:125,0
DA:126,0
DA:127,0
DA:129,0
DA:146,0
DA:148,0
DA:153,1
DA:157,1
DA:165,1
DA:170,1
DA:171,0
DA:172,0
DA:179,0
DA:180,0
DA:181,0
DA:182,0
DA:184,0
DA:185,0
DA:186,0
DA:187,0
DA:188,0
DA:190,0
DA:194,1
DA:202,1
DA:206,1
DA:212,1
DA:218,1
DA:219,0
DA:220,0
DA:227,0
DA:228,0
DA:229,0
DA:230,0
DA:232,0
DA:233,0
DA:234,0
DA:235,0
DA:236,0
DA:237,0
DA:239,0
DA:241,0
LF:94
LH:24
BRDA:67,0,0,0
BRDA:67,0,1,0
BRDA:80,1,0,0
BRDA:80,1,1,0
BRDA:93,2,0,0
BRDA:93,2,1,0
BRDA:181,3,0,0
BRDA:181,3,1,0
BRDA:229,4,0,0
BRDA:229,4,1,0
BRDA:236,5,0,0
BRDA:236,5,1,0
BRF:12
BRH:0
end_of_record
TN:
SF:C:\Users\Adam\Desktop\web design\kudos-app-frontend\kudos-app-frontend\actions\successActions.js
FN:3,(anonymous_0)
FN:7,(anonymous_1)
FN:11,(anonymous_2)
FNF:3
FNH:0
FNDA:0,(anonymous_0)
FNDA:0,(anonymous_1)
FNDA:0,(anonymous_2)
DA:3,1
DA:7,1
DA:11,1
LF:3
LH:3
BRF:0
BRH:0
end_of_record
TN:
SF:C:\Users\Adam\Desktop\web design\kudos-app-frontend\kudos-app-frontend\actions\usersActions.js
FN:5,(anonymous_0)
FN:18,(anonymous_1)
FN:31,(anonymous_2)
FN:44,(anonymous_3)
FN:57,(anonymous_4)
FN:65,(anonymous_5)
FN:74,(anonymous_6)
FN:87,(anonymous_7)
FN:106,(anonymous_8)
FN:110,(anonymous_9)
FN:116,(anonymous_10)
FN:122,(anonymous_11)
FN:122,(anonymous_12)
FNF:13
FNH:0
FNDA:0,(anonymous_0)
FNDA:0,(anonymous_1)
FNDA:0,(anonymous_2)
FNDA:0,(anonymous_3)
FNDA:0,(anonymous_4)
FNDA:0,(anonymous_5)
FNDA:0,(anonymous_6)
FNDA:0,(anonymous_7)
FNDA:0,(anonymous_8)
FNDA:0,(anonymous_9)
FNDA:0,(anonymous_10)
FNDA:0,(anonymous_11)
FNDA:0,(anonymous_12)
DA:5,1
DA:6,0
DA:7,0
DA:8,0
DA:9,0
DA:11,0
DA:12,0
DA:14,0
DA:18,1
DA:19,0
DA:20,0
DA:21,0
DA:22,0
DA:24,0
DA:25,0
DA:27,0
DA:31,1
DA:32,0
DA:33,0
DA:34,0
DA:35,0
DA:37,0
DA:38,0
DA:40,0
DA:44,1
DA:45,0
DA:46,0
DA:47,0
DA:48,0
DA:50,0
DA:51,0
DA:53,0
DA:57,1
DA:58,0
DA:59,0
DA:60,0
DA:61,0
DA:63,0
DA:64,0
DA:65,0
DA:66,0
DA:68,0
DA:70,0
DA:74,1
DA:75,0
DA:76,0
DA:77,0
DA:78,0
DA:80,0
DA:81,0
DA:83,0
DA:87,1
DA:89,0
DA:94,0
DA:95,0
DA:96,0
DA:97,0
DA:99,0
DA:100,0
DA:102,0
DA:106,1
DA:110,1
DA:116,1
DA:122,1
DA:123,0
DA:124,0
DA:125,0
DA:126,0
DA:127,0
DA:128,0
DA:129,0
DA:130,0
DA:132,0
DA:133,0
DA:134,0
DA:135,0
DA:136,0
DA:137,0
DA:139,0
DA:150,0
DA:168,0
DA:171,0
LF:82
LH:11
BRDA:8,0,0,0
BRDA:8,0,1,0
BRDA:21,1,0,0
BRDA:21,1,1,0
BRDA:34,2,0,0
BRDA:34,2,1,0
BRDA:47,3,0,0
BRDA:47,3,1,0
BRDA:60,4,0,0
BRDA:60,4,1,0
BRDA:77,5,0,0
BRDA:77,5,1,0
BRDA:96,6,0,0
BRDA:96,6,1,0
BRF:14
BRH:0
end_of_record
TN:
SF:C:\Users\Adam\Desktop\web design\kudos-app-frontend\kudos-app-frontend\components\styleConstants.js
FNF:0
FNH:0
DA:2,5
DA:3,5
DA:4,5
DA:5,5
DA:6,5
DA:7,5
DA:8,5
DA:9,5
DA:10,5
DA:11,5
DA:12,5
DA:15,5
DA:16,5
DA:17,5
LF:14
LH:14
BRF:0
BRH:0
end_of_record
TN:
SF:C:\Users\Adam\Desktop\web design\kudos-app-frontend\kudos-app-frontend\components\Button\index.js
FN:28,(anonymous_0)
FN:32,(anonymous_1)
FN:47,(anonymous_2)
FN:56,(anonymous_3)
FN:60,(anonymous_4)
FN:64,(anonymous_5)
FN:77,(anonymous_6)
FN:86,(anonymous_7)
FN:90,(anonymous_8)
FN:94,(anonymous_9)
FNF:10
FNH:10
FNDA:12,(anonymous_0)
FNDA:12,(anonymous_1)
FNDA:3,(anonymous_2)
FNDA:1,(anonymous_3)
FNDA:1,(anonymous_4)
FNDA:5,(anonymous_5)
FNDA:5,(anonymous_6)
FNDA:1,(anonymous_7)
FNDA:1,(anonymous_8)
FNDA:7,(anonymous_9)
DA:24,5
DA:28,12
DA:32,12
DA:44,5
DA:48,3
DA:49,3
DA:50,3
DA:51,3
DA:57,1
DA:61,1
DA:65,5
DA:78,5
DA:79,5
DA:80,5
DA:81,5
DA:87,1
DA:91,1
DA:95,7
LF:18
LH:18
BRDA:28,0,0,2
BRDA:28,0,1,10
BRDA:32,1,0,2
BRDA:32,1,1,10
BRF:4
BRH:4
end_of_record
TN:
SF:C:\Users\Adam\Desktop\web design\kudos-app-frontend\kudos-app-frontend\components\FollowButton\FollowButton.js
FN:5,(anonymous_0)
FNF:1
FNH:1
FNDA:1,(anonymous_0)
DA:5,1
DA:6,1
DA:19,1
LF:3
LH:3
BRDA:6,0,0,1
BRDA:6,0,1,0
BRF:2
BRH:1
end_of_record
TN:
SF:C:\Users\Adam\Desktop\web design\kudos-app-frontend\kudos-app-frontend\components\FollowButton\index.js
FN:8,(anonymous_0)
FN:14,(anonymous_1)
FN:18,(anonymous_2)
FN:22,(anonymous_3)
FN:38,(anonymous_4)
FNF:5
FNH:2
FNDA:2,(anonymous_0)
FNDA:0,(anonymous_1)
FNDA:0,(anonymous_2)
FNDA:2,(anonymous_3)
FNDA:0,(anonymous_4)
DA:9,2
DA:10,2
DA:11,2
DA:15,0
DA:19,0
DA:23,2
DA:24,1
DA:25,1
DA:34,1
DA:38,1
LF:10
LH:8
BRDA:23,0,0,1
BRDA:23,0,1,1
BRF:2
BRH:2
end_of_record
TN:
SF:C:\Users\Adam\Desktop\web design\kudos-app-frontend\kudos-app-frontend\components\SimpleArticleBlock\SimpleArticleBlock.js
FN:28,(anonymous_0)
FNF:1
FNH:1
FNDA:1,(anonymous_0)
DA:7,1
DA:13,1
DA:19,1
DA:28,1
DA:29,1
DA:38,1
LF:6
LH:6
BRF:0
BRH:0
end_of_record
TN:
SF:C:\Users\Adam\Desktop\web design\kudos-app-frontend\kudos-app-frontend\components\SimpleArticleBlock\index.js
FN:5,(anonymous_0)
FN:18,(anonymous_1)
FNF:2
FNH:1
FNDA:1,(anonymous_0)
FNDA:0,(anonymous_1)
DA:5,1
DA:6,1
DA:7,1
DA:14,1
DA:18,1
LF:5
LH:5
BRF:0
BRH:0
end_of_record
TN:
SF:C:\Users\Adam\Desktop\web design\kudos-app-frontend\kudos-app-frontend\components\SimpleHighlightBlock\SimpleHighlightBlock.js
FN:22,(anonymous_0)
FNF:1
FNH:1
FNDA:1,(anonymous_0)
DA:7,1
DA:13,1
DA:22,1
DA:23,1
DA:31,1
LF:5
LH:5
BRF:0
BRH:0
end_of_record
TN:
SF:C:\Users\Adam\Desktop\web design\kudos-app-frontend\kudos-app-frontend\components\SimpleHighlightBlock\index.js
FN:5,(anonymous_0)
FN:17,(anonymous_1)
FNF:2
FNH:1
FNDA:1,(anonymous_0)
FNDA:0,(anonymous_1)
DA:5,1
DA:6,1
DA:7,1
DA:13,1
DA:17,1
LF:5
LH:5
BRF:0
BRH:0
end_of_record
TN:
SF:C:\Users\Adam\Desktop\web design\kudos-app-frontend\kudos-app-frontend\components\SimpleKudosBlock\SimpleKudosBlock.js
FN:27,(anonymous_0)
FNF:1
FNH:1
FNDA:1,(anonymous_0)
DA:7,1
DA:13,1
DA:19,1
DA:27,1
DA:28,1
DA:37,1
LF:6
LH:6
BRF:0
BRH:0
end_of_record
TN:
SF:C:\Users\Adam\Desktop\web design\kudos-app-frontend\kudos-app-frontend\components\SimpleKudosBlock\index.js
FN:5,(anonymous_0)
FN:18,(anonymous_1)
FNF:2
FNH:1
FNDA:1,(anonymous_0)
FNDA:0,(anonymous_1)
DA:5,1
DA:6,1
DA:7,1
DA:14,1
DA:18,1
LF:5
LH:5
BRF:0
BRH:0
end_of_record
TN:
SF:C:\Users\Adam\Desktop\web design\kudos-app-frontend\kudos-app-frontend\sum\sum.js
FN:1,sum
FNF:1
FNH:1
FNDA:1,sum
DA:2,1
LF:1
LH:1
BRF:0
BRH:0
end_of_record
TN:
SF:C:\Users\Adam\Desktop\web design\kudos-app-frontend\kudos-app-frontend\utils\addOrMerge.js
FN:32,(anonymous_0)
FNF:1
FNH:1
FNDA:5,(anonymous_0)
DA:32,2
DA:33,5
DA:34,5
DA:35,2
DA:39,3
DA:40,5
DA:45,5
LF:7
LH:7
BRDA:34,0,0,2
BRDA:34,0,1,3
BRDA:35,1,0,1
BRDA:35,1,1,1
BRDA:40,2,0,2
BRDA:40,2,1,3
BRF:6
BRH:6
end_of_record
TN:
SF:C:\Users\Adam\Desktop\web design\kudos-app-frontend\kudos-app-frontend\utils\cleanseErrorsAndSuccesses.js
FN:3,(anonymous_0)
FNF:1
FNH:0
FNDA:0,(anonymous_0)
DA:3,1
DA:4,0
DA:5,0
LF:3
LH:1
BRF:0
BRH:0
end_of_record
TN:
SF:C:\Users\Adam\Desktop\web design\kudos-app-frontend\kudos-app-frontend\utils\fetchCurrentUserIfNeeded.js
FN:12,(anonymous_0)
FNF:1
FNH:0
FNDA:0,(anonymous_0)
DA:12,1
DA:13,0
DA:14,0
DA:15,0
DA:17,0
LF:5
LH:1
BRDA:14,0,0,0
BRDA:14,0,1,0
BRDA:14,1,0,0
BRDA:14,1,1,0
BRF:4
BRH:0
end_of_record
TN:
SF:C:\Users\Adam\Desktop\web design\kudos-app-frontend\kudos-app-frontend\utils\fetchPostIfNeeded.js
FN:3,(anonymous_0)
FNF:1
FNH:0
FNDA:0,(anonymous_0)
DA:3,1
DA:4,0
DA:5,0
DA:6,0
DA:8,0
LF:5
LH:1
BRDA:5,0,0,0
BRDA:5,0,1,0
BRDA:5,1,0,0
BRDA:5,1,1,0
BRDA:5,1,2,0
BRF:5
BRH:0
end_of_record
TN:
SF:C:\Users\Adam\Desktop\web design\kudos-app-frontend\kudos-app-frontend\utils\fetchPostsIfNeeded.js
FN:3,(anonymous_0)
FNF:1
FNH:0
FNDA:0,(anonymous_0)
DA:3,1
DA:4,0
DA:5,0
DA:6,0
DA:7,0
DA:9,0
DA:11,0
LF:7
LH:1
BRDA:5,0,0,0
BRDA:5,0,1,0
BRDA:5,1,0,0
BRDA:5,1,1,0
BRDA:5,1,2,0
BRDA:6,2,0,0
BRDA:6,2,1,0
BRF:7
BRH:0
end_of_record
TN:
SF:C:\Users\Adam\Desktop\web design\kudos-app-frontend\kudos-app-frontend\utils\fetchUserIfNeeded.js
FN:3,(anonymous_0)
FNF:1
FNH:0
FNDA:0,(anonymous_0)
DA:3,1
DA:4,0
DA:5,0
DA:6,0
DA:8,0
LF:5
LH:1
BRDA:5,0,0,0
BRDA:5,0,1,0
BRDA:5,1,0,0
BRDA:5,1,1,0
BRDA:5,1,2,0
BRF:5
BRH:0
end_of_record
TN:
SF:C:\Users\Adam\Desktop\web design\kudos-app-frontend\kudos-app-frontend\utils\handleNormalize.js
FN:18,(anonymous_0)
FN:45,(anonymous_1)
FNF:2
FNH:1
FNDA:0,(anonymous_0)
FNDA:3,(anonymous_1)
DA:18,2
DA:25,2
DA:26,2
DA:27,2
DA:28,2
DA:29,2
DA:30,2
DA:31,2
DA:32,2
DA:33,2
DA:34,2
DA:36,2
DA:45,2
DA:46,3
DA:47,1
DA:48,0
DA:50,2
DA:51,1
DA:52,0
DA:54,1
LF:20
LH:18
BRDA:46,0,0,1
BRDA:46,0,1,2
BRDA:46,1,0,3
BRDA:46,1,1,3
BRDA:50,2,0,1
BRDA:50,2,1,1
BRF:6
BRH:6
end_of_record
TN:
SF:C:\Users\Adam\Desktop\web design\kudos-app-frontend\kudos-app-frontend\utils\index.js
FNF:0
FNH:0
LF:0
LH:0
BRF:0
BRH:0
end_of_record
TN:
SF:C:\Users\Adam\Desktop\web design\kudos-app-frontend\kudos-app-frontend\utils\mergeAndDedupArrays.js
FN:15,(anonymous_0)
FNF:1
FNH:1
FNDA:3,(anonymous_0)
DA:15,3
LF:1
LH:1
BRF:0
BRH:0
end_of_record
TN:
SF:C:\Users\Adam\Desktop\web design\kudos-app-frontend\kudos-app-frontend\utils\objectToArray.js
FN:5,(anonymous_0)
FNF:1
FNH:1
FNDA:1,(anonymous_0)
DA:5,2
DA:6,1
DA:7,1
DA:8,3
DA:10,1
LF:5
LH:5
BRF:0
BRH:0
end_of_record
TN:
SF:C:\Users\Adam\Desktop\web design\kudos-app-frontend\kudos-app-frontend\utils\sortComments.js
FN:16,(anonymous_0)
FN:20,(anonymous_1)
FN:34,(anonymous_2)
FN:40,(anonymous_3)
FN:47,(anonymous_4)
FNF:5
FNH:5
FNDA:1,(anonymous_0)
FNDA:9,(anonymous_1)
FNDA:6,(anonymous_2)
FNDA:9,(anonymous_3)
FNDA:6,(anonymous_4)
DA:16,2
DA:17,1
DA:20,1
DA:21,9
DA:22,3
DA:23,6
DA:24,3
DA:26,3
DA:34,1
DA:35,6
DA:36,2
DA:37,2
DA:39,4
DA:40,9
DA:41,4
DA:47,6
LF:16
LH:16
BRDA:21,0,0,3
BRDA:21,0,1,6
BRDA:23,1,0,3
BRDA:23,1,1,3
BRDA:35,2,0,2
BRDA:35,2,1,4
BRF:6
BRH:6
end_of_record
